Building DAG of jobs...
Using shell: /anaconda2/envs/py3/bin/bash
Provided cores: 1
Rules claiming more threads will be scaled down.
Job counts:
	count	jobs
	1	all
	2	export
	2	organize_output
	2	plot_titer_diffs
	2	simplify_auspice_names
	2	tip_frequencies
	11

[Wed Apr 24 11:00:32 2019]
rule export:
    input: results/tree_who_h3n2_ha_12y_concat_hi.nwk, results/metadata_h3n2_ha.tsv, config/auspice_config_h3n2.json, results/branch-lengths_who_h3n2_ha_12y_concat_hi.json, results/nt-muts_who_h3n2_ha_12y_concat_hi.json, results/aa-muts_who_h3n2_ha_12y_concat_hi.json, results/titers-tree-model_who_h3n2_ha_12y_concat_hi.json, results/titers-sub-model_who_h3n2_ha_12y_concat_hi.json, results/clades_who_h3n2_ha_12y_concat_hi.json, results/traits_who_h3n2_ha_12y_concat_hi.json, results/lbi_who_h3n2_ha_12y_concat_hi.json, results/distances_who_h3n2_ha_12y_concat_hi.json
    output: auspice/flu_who_h3n2_ha_12y_concat_hi_tree.json, auspice/flu_who_h3n2_ha_12y_concat_hi_meta.json, auspice/flu_who_h3n2_ha_12y_concat_hi_root-sequence.json
    jobid: 13
    wildcards: center=who, lineage=h3n2, segment=ha, resolution=12y, passage=concat, assay=hi

[Wed Apr 24 11:00:56 2019]
Finished job 13.
1 of 11 steps (9%) done

[Wed Apr 24 11:00:56 2019]
rule export:
    input: results/tree_who_h3n2_ha_6y_concat_hi.nwk, results/metadata_h3n2_ha.tsv, config/auspice_config_h3n2.json, results/branch-lengths_who_h3n2_ha_6y_concat_hi.json, results/nt-muts_who_h3n2_ha_6y_concat_hi.json, results/aa-muts_who_h3n2_ha_6y_concat_hi.json, results/titers-tree-model_who_h3n2_ha_6y_concat_hi.json, results/titers-sub-model_who_h3n2_ha_6y_concat_hi.json, results/clades_who_h3n2_ha_6y_concat_hi.json, results/traits_who_h3n2_ha_6y_concat_hi.json, results/lbi_who_h3n2_ha_6y_concat_hi.json, results/distances_who_h3n2_ha_6y_concat_hi.json
    output: auspice/flu_who_h3n2_ha_6y_concat_hi_tree.json, auspice/flu_who_h3n2_ha_6y_concat_hi_meta.json, auspice/flu_who_h3n2_ha_6y_concat_hi_root-sequence.json
    jobid: 9
    wildcards: center=who, lineage=h3n2, segment=ha, resolution=6y, passage=concat, assay=hi

[Wed Apr 24 11:01:20 2019]
Finished job 9.
2 of 11 steps (18%) done

[Wed Apr 24 11:01:20 2019]
rule tip_frequencies:
    input: results/tree_who_h3n2_ha_12y_concat_hi.nwk, results/metadata_h3n2_ha.tsv, config/frequency_weights_by_region.json
    output: auspice/flu_who_h3n2_ha_12y_concat_hi_tip-frequencies.json
    jobid: 15
    wildcards: center=who, lineage=h3n2, segment=ha, resolution=12y, passage=concat, assay=hi

[Wed Apr 24 11:01:36 2019]
Finished job 15.
3 of 11 steps (27%) done

[Wed Apr 24 11:01:36 2019]
rule simplify_auspice_names:
    input: auspice/flu_who_h3n2_ha_12y_concat_hi_tree.json, results/tree_who_h3n2_ha_12y_concat_hi.nwk, auspice/flu_who_h3n2_ha_12y_concat_hi_meta.json, auspice/flu_who_h3n2_ha_12y_concat_hi_root-sequence.json, auspice/flu_who_h3n2_ha_12y_concat_hi_tip-frequencies.json
    output: auspice/flu_seasonal_h3n2_ha_12y_hi_tree.json, results/kk_clades_h3n2_ha_12y_hi.csv, auspice/flu_seasonal_h3n2_ha_12y_hi_meta.json, auspice/flu_seasonal_h3n2_ha_12y_hi_root-sequence.json, auspice/flu_seasonal_h3n2_ha_12y_hi_tip-frequencies.json
    jobid: 7
    wildcards: lineage=h3n2, segment=ha, resolution=12y, assay=hi

Waiting at most 5 seconds for missing files.
[Wed Apr 24 11:02:07 2019]
Finished job 7.
4 of 11 steps (36%) done

[Wed Apr 24 11:02:07 2019]
rule organize_output:
    input: auspice/flu_seasonal_h3n2_ha_12y_hi_tree.json, results/aa-seq_who_h3n2_ha_12y_concat_hi_HA1.fasta, auspice/flu_seasonal_h3n2_ha_12y_hi_root-sequence.json
    output: dataframes/h3n2_ha_12y_hi.csv, dataframes/h3n2_ha_12y_hi_egg.csv, dataframes/h3n2_ha_12y_hi_tidy.csv
    jobid: 4
    wildcards: lineage=h3n2, segment=ha, resolution=12y, assay=hi

[Wed Apr 24 11:03:42 2019]
Finished job 4.
5 of 11 steps (45%) done

[Wed Apr 24 11:03:42 2019]
rule tip_frequencies:
    input: results/tree_who_h3n2_ha_6y_concat_hi.nwk, results/metadata_h3n2_ha.tsv, config/frequency_weights_by_region.json
    output: auspice/flu_who_h3n2_ha_6y_concat_hi_tip-frequencies.json
    jobid: 11
    wildcards: center=who, lineage=h3n2, segment=ha, resolution=6y, passage=concat, assay=hi

[Wed Apr 24 11:03:58 2019]
Finished job 11.
6 of 11 steps (55%) done

[Wed Apr 24 11:03:58 2019]
rule simplify_auspice_names:
    input: auspice/flu_who_h3n2_ha_6y_concat_hi_tree.json, results/tree_who_h3n2_ha_6y_concat_hi.nwk, auspice/flu_who_h3n2_ha_6y_concat_hi_meta.json, auspice/flu_who_h3n2_ha_6y_concat_hi_root-sequence.json, auspice/flu_who_h3n2_ha_6y_concat_hi_tip-frequencies.json
    output: auspice/flu_seasonal_h3n2_ha_6y_hi_tree.json, results/kk_clades_h3n2_ha_6y_hi.csv, auspice/flu_seasonal_h3n2_ha_6y_hi_meta.json, auspice/flu_seasonal_h3n2_ha_6y_hi_root-sequence.json, auspice/flu_seasonal_h3n2_ha_6y_hi_tip-frequencies.json
    jobid: 5
    wildcards: lineage=h3n2, segment=ha, resolution=6y, assay=hi

Waiting at most 5 seconds for missing files.
[Wed Apr 24 11:04:18 2019]
Finished job 5.
7 of 11 steps (64%) done

[Wed Apr 24 11:04:18 2019]
rule organize_output:
    input: auspice/flu_seasonal_h3n2_ha_6y_hi_tree.json, results/aa-seq_who_h3n2_ha_6y_concat_hi_HA1.fasta, auspice/flu_seasonal_h3n2_ha_6y_hi_root-sequence.json
    output: dataframes/h3n2_ha_6y_hi.csv, dataframes/h3n2_ha_6y_hi_egg.csv, dataframes/h3n2_ha_6y_hi_tidy.csv
    jobid: 3
    wildcards: lineage=h3n2, segment=ha, resolution=6y, assay=hi

[Wed Apr 24 11:04:52 2019]
Finished job 3.
8 of 11 steps (73%) done

[Wed Apr 24 11:04:52 2019]
rule plot_titer_diffs:
    input: dataframes/h3n2_ha_12y_hi.csv
    output: plots/h3n2_ha_12y_hi/titer_diffs_h3n2_ha_12y.pdf
    jobid: 2
    wildcards: lineage=h3n2, segment=ha, resolution=12y

[Wed Apr 24 11:04:56 2019]
Finished job 2.
9 of 11 steps (82%) done

[Wed Apr 24 11:04:56 2019]
rule plot_titer_diffs:
    input: dataframes/h3n2_ha_6y_hi.csv
    output: plots/h3n2_ha_6y_hi/titer_diffs_h3n2_ha_6y.pdf
    jobid: 1
    wildcards: lineage=h3n2, segment=ha, resolution=6y

[Wed Apr 24 11:05:00 2019]
Finished job 1.
10 of 11 steps (91%) done

[Wed Apr 24 11:05:00 2019]
localrule all:
    input: plots/h3n2_ha_6y_hi/titer_diffs_h3n2_ha_6y.pdf, plots/h3n2_ha_12y_hi/titer_diffs_h3n2_ha_12y.pdf
    jobid: 0

[Wed Apr 24 11:05:00 2019]
Finished job 0.
11 of 11 steps (100%) done
Complete log: /Users/katekistler/nextstrain/egg-passage/.snakemake/log/2019-04-24T110029.689128.snakemake.log
