Building DAG of jobs...
Using shell: /anaconda2/envs/py3/bin/bash
Provided cores: 1
Rules claiming more threads will be scaled down.
Job counts:
	count	jobs
	1	all
	4	compair_pairs
	4	egg_epistasis
	4	export
	4	find_egg_mutations
	4	organize_output
	2	plot_background
	4	plot_background_kkclades
	4	simplify_auspice_names
	4	tip_frequencies
	35

[Fri Mar 22 11:30:15 2019]
rule export:
    input: results/tree_who_h3n2_ha_12y_concat_fra.nwk, results/metadata_h3n2_ha.tsv, config/auspice_config_h3n2.json, results/branch-lengths_who_h3n2_ha_12y_concat_fra.json, results/nt-muts_who_h3n2_ha_12y_concat_fra.json, results/aa-muts_who_h3n2_ha_12y_concat_fra.json, results/titers-tree-model_who_h3n2_ha_12y_concat_fra.json, results/titers-sub-model_who_h3n2_ha_12y_concat_fra.json, results/clades_who_h3n2_ha_12y_concat_fra.json, results/traits_who_h3n2_ha_12y_concat_fra.json, results/lbi_who_h3n2_ha_12y_concat_fra.json, results/distances_who_h3n2_ha_12y_concat_fra.json
    output: auspice/flu_who_h3n2_ha_12y_concat_fra_tree.json, auspice/flu_who_h3n2_ha_12y_concat_fra_meta.json, auspice/flu_who_h3n2_ha_12y_concat_fra_root-sequence.json
    jobid: 33
    wildcards: center=who, lineage=h3n2, segment=ha, resolution=12y, passage=concat, assay=fra

[Fri Mar 22 11:30:36 2019]
Finished job 33.
1 of 35 steps (3%) done

[Fri Mar 22 11:30:36 2019]
rule export:
    input: results/tree_who_h3n2_ha_12y_concat_hi.nwk, results/metadata_h3n2_ha.tsv, config/auspice_config_h3n2.json, results/branch-lengths_who_h3n2_ha_12y_concat_hi.json, results/nt-muts_who_h3n2_ha_12y_concat_hi.json, results/aa-muts_who_h3n2_ha_12y_concat_hi.json, results/titers-tree-model_who_h3n2_ha_12y_concat_hi.json, results/titers-sub-model_who_h3n2_ha_12y_concat_hi.json, results/clades_who_h3n2_ha_12y_concat_hi.json, results/traits_who_h3n2_ha_12y_concat_hi.json, results/lbi_who_h3n2_ha_12y_concat_hi.json, results/distances_who_h3n2_ha_12y_concat_hi.json
    output: auspice/flu_who_h3n2_ha_12y_concat_hi_tree.json, auspice/flu_who_h3n2_ha_12y_concat_hi_meta.json, auspice/flu_who_h3n2_ha_12y_concat_hi_root-sequence.json
    jobid: 31
    wildcards: center=who, lineage=h3n2, segment=ha, resolution=12y, passage=concat, assay=hi

[Fri Mar 22 11:30:59 2019]
Finished job 31.
2 of 35 steps (6%) done

[Fri Mar 22 11:30:59 2019]
rule export:
    input: results/tree_who_h3n2_ha_6y_concat_hi.nwk, results/metadata_h3n2_ha.tsv, config/auspice_config_h3n2.json, results/branch-lengths_who_h3n2_ha_6y_concat_hi.json, results/nt-muts_who_h3n2_ha_6y_concat_hi.json, results/aa-muts_who_h3n2_ha_6y_concat_hi.json, results/titers-tree-model_who_h3n2_ha_6y_concat_hi.json, results/titers-sub-model_who_h3n2_ha_6y_concat_hi.json, results/clades_who_h3n2_ha_6y_concat_hi.json, results/traits_who_h3n2_ha_6y_concat_hi.json, results/lbi_who_h3n2_ha_6y_concat_hi.json, results/distances_who_h3n2_ha_6y_concat_hi.json
    output: auspice/flu_who_h3n2_ha_6y_concat_hi_tree.json, auspice/flu_who_h3n2_ha_6y_concat_hi_meta.json, auspice/flu_who_h3n2_ha_6y_concat_hi_root-sequence.json
    jobid: 27
    wildcards: center=who, lineage=h3n2, segment=ha, resolution=6y, passage=concat, assay=hi

[Fri Mar 22 11:31:21 2019]
Finished job 27.
3 of 35 steps (9%) done

[Fri Mar 22 11:31:21 2019]
rule export:
    input: results/tree_who_h3n2_ha_6y_concat_fra.nwk, results/metadata_h3n2_ha.tsv, config/auspice_config_h3n2.json, results/branch-lengths_who_h3n2_ha_6y_concat_fra.json, results/nt-muts_who_h3n2_ha_6y_concat_fra.json, results/aa-muts_who_h3n2_ha_6y_concat_fra.json, results/titers-tree-model_who_h3n2_ha_6y_concat_fra.json, results/titers-sub-model_who_h3n2_ha_6y_concat_fra.json, results/clades_who_h3n2_ha_6y_concat_fra.json, results/traits_who_h3n2_ha_6y_concat_fra.json, results/lbi_who_h3n2_ha_6y_concat_fra.json, results/distances_who_h3n2_ha_6y_concat_fra.json
    output: auspice/flu_who_h3n2_ha_6y_concat_fra_tree.json, auspice/flu_who_h3n2_ha_6y_concat_fra_meta.json, auspice/flu_who_h3n2_ha_6y_concat_fra_root-sequence.json
    jobid: 29
    wildcards: center=who, lineage=h3n2, segment=ha, resolution=6y, passage=concat, assay=fra

[Fri Mar 22 11:31:40 2019]
Finished job 29.
4 of 35 steps (11%) done

[Fri Mar 22 11:31:40 2019]
rule tip_frequencies:
    input: results/tree_who_h3n2_ha_12y_concat_fra.nwk, results/metadata_h3n2_ha.tsv, config/frequency_weights_by_region.json
    output: auspice/flu_who_h3n2_ha_12y_concat_fra_tip-frequencies.json
    jobid: 34
    wildcards: center=who, lineage=h3n2, segment=ha, resolution=12y, passage=concat, assay=fra

[Fri Mar 22 11:31:54 2019]
Finished job 34.
5 of 35 steps (14%) done

[Fri Mar 22 11:31:54 2019]
rule simplify_auspice_names:
    input: auspice/flu_who_h3n2_ha_12y_concat_fra_tree.json, auspice/flu_who_h3n2_ha_12y_concat_fra_meta.json, auspice/flu_who_h3n2_ha_12y_concat_fra_root-sequence.json, auspice/flu_who_h3n2_ha_12y_concat_fra_tip-frequencies.json
    output: auspice/flu_seasonal_h3n2_ha_12y_fra_tree.json, results/kk_clades_h3n2_ha_12y_fra.csv, auspice/flu_seasonal_h3n2_ha_12y_fra_meta.json, auspice/flu_seasonal_h3n2_ha_12y_fra_root-sequence.json, auspice/flu_seasonal_h3n2_ha_12y_fra_tip-frequencies.json
    jobid: 4
    wildcards: lineage=h3n2, segment=ha, resolution=12y, assay=fra

Waiting at most 5 seconds for missing files.
[Fri Mar 22 11:32:21 2019]
Finished job 4.
6 of 35 steps (17%) done

[Fri Mar 22 11:32:21 2019]
rule organize_output:
    input: auspice/flu_seasonal_h3n2_ha_12y_fra_tree.json, results/aa-seq_who_h3n2_ha_12y_concat_fra_HA1.fasta, auspice/flu_seasonal_h3n2_ha_12y_fra_root-sequence.json
    output: dataframes/h3n2_ha_12y_fra.csv, dataframes/h3n2_ha_12y_fra_egg.csv, dataframes/h3n2_ha_12y_fra_tidy.csv
    jobid: 8
    wildcards: lineage=h3n2, segment=ha, resolution=12y, assay=fra

[Fri Mar 22 11:33:23 2019]
Finished job 8.
7 of 35 steps (20%) done

[Fri Mar 22 11:33:23 2019]
rule tip_frequencies:
    input: results/tree_who_h3n2_ha_12y_concat_hi.nwk, results/metadata_h3n2_ha.tsv, config/frequency_weights_by_region.json
    output: auspice/flu_who_h3n2_ha_12y_concat_hi_tip-frequencies.json
    jobid: 32
    wildcards: center=who, lineage=h3n2, segment=ha, resolution=12y, passage=concat, assay=hi

[Fri Mar 22 11:33:37 2019]
Finished job 32.
8 of 35 steps (23%) done

[Fri Mar 22 11:33:37 2019]
rule simplify_auspice_names:
    input: auspice/flu_who_h3n2_ha_12y_concat_hi_tree.json, auspice/flu_who_h3n2_ha_12y_concat_hi_meta.json, auspice/flu_who_h3n2_ha_12y_concat_hi_root-sequence.json, auspice/flu_who_h3n2_ha_12y_concat_hi_tip-frequencies.json
    output: auspice/flu_seasonal_h3n2_ha_12y_hi_tree.json, results/kk_clades_h3n2_ha_12y_hi.csv, auspice/flu_seasonal_h3n2_ha_12y_hi_meta.json, auspice/flu_seasonal_h3n2_ha_12y_hi_root-sequence.json, auspice/flu_seasonal_h3n2_ha_12y_hi_tip-frequencies.json
    jobid: 3
    wildcards: lineage=h3n2, segment=ha, resolution=12y, assay=hi

Waiting at most 5 seconds for missing files.
[Fri Mar 22 11:34:05 2019]
Finished job 3.
9 of 35 steps (26%) done

[Fri Mar 22 11:34:05 2019]
rule organize_output:
    input: auspice/flu_seasonal_h3n2_ha_12y_hi_tree.json, results/aa-seq_who_h3n2_ha_12y_concat_hi_HA1.fasta, auspice/flu_seasonal_h3n2_ha_12y_hi_root-sequence.json
    output: dataframes/h3n2_ha_12y_hi.csv, dataframes/h3n2_ha_12y_hi_egg.csv, dataframes/h3n2_ha_12y_hi_tidy.csv
    jobid: 7
    wildcards: lineage=h3n2, segment=ha, resolution=12y, assay=hi

[Fri Mar 22 11:35:17 2019]
Finished job 7.
10 of 35 steps (29%) done

[Fri Mar 22 11:35:17 2019]
rule tip_frequencies:
    input: results/tree_who_h3n2_ha_6y_concat_fra.nwk, results/metadata_h3n2_ha.tsv, config/frequency_weights_by_region.json
    output: auspice/flu_who_h3n2_ha_6y_concat_fra_tip-frequencies.json
    jobid: 30
    wildcards: center=who, lineage=h3n2, segment=ha, resolution=6y, passage=concat, assay=fra

[Fri Mar 22 11:35:31 2019]
Finished job 30.
11 of 35 steps (31%) done

[Fri Mar 22 11:35:31 2019]
rule simplify_auspice_names:
    input: auspice/flu_who_h3n2_ha_6y_concat_fra_tree.json, auspice/flu_who_h3n2_ha_6y_concat_fra_meta.json, auspice/flu_who_h3n2_ha_6y_concat_fra_root-sequence.json, auspice/flu_who_h3n2_ha_6y_concat_fra_tip-frequencies.json
    output: auspice/flu_seasonal_h3n2_ha_6y_fra_tree.json, results/kk_clades_h3n2_ha_6y_fra.csv, auspice/flu_seasonal_h3n2_ha_6y_fra_meta.json, auspice/flu_seasonal_h3n2_ha_6y_fra_root-sequence.json, auspice/flu_seasonal_h3n2_ha_6y_fra_tip-frequencies.json
    jobid: 2
    wildcards: lineage=h3n2, segment=ha, resolution=6y, assay=fra

Waiting at most 5 seconds for missing files.
[Fri Mar 22 11:35:51 2019]
Finished job 2.
12 of 35 steps (34%) done

[Fri Mar 22 11:35:51 2019]
rule organize_output:
    input: auspice/flu_seasonal_h3n2_ha_6y_fra_tree.json, results/aa-seq_who_h3n2_ha_6y_concat_fra_HA1.fasta, auspice/flu_seasonal_h3n2_ha_6y_fra_root-sequence.json
    output: dataframes/h3n2_ha_6y_fra.csv, dataframes/h3n2_ha_6y_fra_egg.csv, dataframes/h3n2_ha_6y_fra_tidy.csv
    jobid: 6
    wildcards: lineage=h3n2, segment=ha, resolution=6y, assay=fra

[Fri Mar 22 11:36:45 2019]
Finished job 6.
13 of 35 steps (37%) done

[Fri Mar 22 11:36:45 2019]
rule tip_frequencies:
    input: results/tree_who_h3n2_ha_6y_concat_hi.nwk, results/metadata_h3n2_ha.tsv, config/frequency_weights_by_region.json
    output: auspice/flu_who_h3n2_ha_6y_concat_hi_tip-frequencies.json
    jobid: 28
    wildcards: center=who, lineage=h3n2, segment=ha, resolution=6y, passage=concat, assay=hi

[Fri Mar 22 11:36:58 2019]
Finished job 28.
14 of 35 steps (40%) done

[Fri Mar 22 11:36:58 2019]
rule simplify_auspice_names:
    input: auspice/flu_who_h3n2_ha_6y_concat_hi_tree.json, auspice/flu_who_h3n2_ha_6y_concat_hi_meta.json, auspice/flu_who_h3n2_ha_6y_concat_hi_root-sequence.json, auspice/flu_who_h3n2_ha_6y_concat_hi_tip-frequencies.json
    output: auspice/flu_seasonal_h3n2_ha_6y_hi_tree.json, results/kk_clades_h3n2_ha_6y_hi.csv, auspice/flu_seasonal_h3n2_ha_6y_hi_meta.json, auspice/flu_seasonal_h3n2_ha_6y_hi_root-sequence.json, auspice/flu_seasonal_h3n2_ha_6y_hi_tip-frequencies.json
    jobid: 1
    wildcards: lineage=h3n2, segment=ha, resolution=6y, assay=hi

Waiting at most 5 seconds for missing files.
[Fri Mar 22 11:37:16 2019]
Finished job 1.
15 of 35 steps (43%) done

[Fri Mar 22 11:37:16 2019]
rule organize_output:
    input: auspice/flu_seasonal_h3n2_ha_6y_hi_tree.json, results/aa-seq_who_h3n2_ha_6y_concat_hi_HA1.fasta, auspice/flu_seasonal_h3n2_ha_6y_hi_root-sequence.json
    output: dataframes/h3n2_ha_6y_hi.csv, dataframes/h3n2_ha_6y_hi_egg.csv, dataframes/h3n2_ha_6y_hi_tidy.csv
    jobid: 5
    wildcards: lineage=h3n2, segment=ha, resolution=6y, assay=hi

[Fri Mar 22 11:37:46 2019]
Finished job 5.
16 of 35 steps (46%) done

[Fri Mar 22 11:37:46 2019]
rule plot_background_kkclades:
    input: dataframes/h3n2_ha_12y_fra.csv, config/clades_h3n2_ha.tsv
    output: plots/h3n2_ha_12y_fra/genetic_background_kkclade_heatmap_h3n2_ha_12y_fra.pdf
    jobid: 22
    wildcards: lineage=h3n2, segment=ha, resolution=12y, assay=fra

[Fri Mar 22 11:37:51 2019]
Finished job 22.
17 of 35 steps (49%) done

[Fri Mar 22 11:37:51 2019]
rule compair_pairs:
    input: dataframes/h3n2_ha_12y_fra.csv
    output: plots/egg_results/egg_mutation_accuracy_h3n2_ha_12y_fra.json
    jobid: 26
    wildcards: lineage=h3n2, segment=ha, resolution=12y, assay=fra

[Fri Mar 22 11:37:52 2019]
Finished job 26.
18 of 35 steps (51%) done

[Fri Mar 22 11:37:52 2019]
rule find_egg_mutations:
    input: dataframes/h3n2_ha_12y_fra.csv
    output: plots/h3n2_ha_12y_fra/egg_mutation_aa_prevalence_h3n2_ha_12y_fra.pdf, plots/h3n2_ha_12y_fra/egg_mutation_site_prevalence_h3n2_ha_12y_fra.pdf, plots/h3n2_ha_12y_fra/before_after_eggpassaging_h3n2_ha_12y_fra.pdf
    jobid: 12
    wildcards: lineage=h3n2, segment=ha, resolution=12y, assay=fra

[Fri Mar 22 11:37:57 2019]
Finished job 12.
19 of 35 steps (54%) done

[Fri Mar 22 11:37:57 2019]
rule egg_epistasis:
    input: dataframes/h3n2_ha_12y_fra.csv
    output: plots/h3n2_ha_12y_fra/epistasis_heatmap_h3n2_ha_12y_fra.pdf, plots/h3n2_ha_12y_fra/epistasis_chord_diagram_h3n2_ha_12y_fra.pdf
    jobid: 16
    wildcards: lineage=h3n2, segment=ha, resolution=12y, assay=fra

[Fri Mar 22 11:38:14 2019]
Finished job 16.
20 of 35 steps (57%) done

[Fri Mar 22 11:38:14 2019]
rule plot_background_kkclades:
    input: dataframes/h3n2_ha_12y_hi.csv, config/clades_h3n2_ha.tsv
    output: plots/h3n2_ha_12y_hi/genetic_background_kkclade_heatmap_h3n2_ha_12y_hi.pdf
    jobid: 21
    wildcards: lineage=h3n2, segment=ha, resolution=12y, assay=hi

[Fri Mar 22 11:38:18 2019]
Finished job 21.
21 of 35 steps (60%) done

[Fri Mar 22 11:38:18 2019]
rule egg_epistasis:
    input: dataframes/h3n2_ha_12y_hi.csv
    output: plots/h3n2_ha_12y_hi/epistasis_heatmap_h3n2_ha_12y_hi.pdf, plots/h3n2_ha_12y_hi/epistasis_chord_diagram_h3n2_ha_12y_hi.pdf
    jobid: 15
    wildcards: lineage=h3n2, segment=ha, resolution=12y, assay=hi

[Fri Mar 22 11:38:38 2019]
Finished job 15.
22 of 35 steps (63%) done

[Fri Mar 22 11:38:38 2019]
rule compair_pairs:
    input: dataframes/h3n2_ha_12y_hi.csv
    output: plots/egg_results/egg_mutation_accuracy_h3n2_ha_12y_hi.json
    jobid: 25
    wildcards: lineage=h3n2, segment=ha, resolution=12y, assay=hi

[Fri Mar 22 11:38:39 2019]
Finished job 25.
23 of 35 steps (66%) done

[Fri Mar 22 11:38:39 2019]
rule find_egg_mutations:
    input: dataframes/h3n2_ha_12y_hi.csv
    output: plots/h3n2_ha_12y_hi/egg_mutation_aa_prevalence_h3n2_ha_12y_hi.pdf, plots/h3n2_ha_12y_hi/egg_mutation_site_prevalence_h3n2_ha_12y_hi.pdf, plots/h3n2_ha_12y_hi/before_after_eggpassaging_h3n2_ha_12y_hi.pdf
    jobid: 11
    wildcards: lineage=h3n2, segment=ha, resolution=12y, assay=hi

[Fri Mar 22 11:38:45 2019]
Finished job 11.
24 of 35 steps (69%) done

[Fri Mar 22 11:38:45 2019]
rule plot_background:
    input: dataframes/h3n2_ha_6y_fra.csv, config/clades_h3n2_ha.tsv
    output: plots/h3n2_ha_6y_fra/genetic_background_heatmap_h3n2_ha_6y_fra.pdf
    jobid: 18
    wildcards: lineage=h3n2, segment=ha, assay=fra

[Fri Mar 22 11:38:49 2019]
Finished job 18.
25 of 35 steps (71%) done

[Fri Mar 22 11:38:49 2019]
rule plot_background_kkclades:
    input: dataframes/h3n2_ha_6y_fra.csv, config/clades_h3n2_ha.tsv
    output: plots/h3n2_ha_6y_fra/genetic_background_kkclade_heatmap_h3n2_ha_6y_fra.pdf
    jobid: 20
    wildcards: lineage=h3n2, segment=ha, resolution=6y, assay=fra

[Fri Mar 22 11:38:54 2019]
Finished job 20.
26 of 35 steps (74%) done

[Fri Mar 22 11:38:54 2019]
rule find_egg_mutations:
    input: dataframes/h3n2_ha_6y_fra.csv
    output: plots/h3n2_ha_6y_fra/egg_mutation_aa_prevalence_h3n2_ha_6y_fra.pdf, plots/h3n2_ha_6y_fra/egg_mutation_site_prevalence_h3n2_ha_6y_fra.pdf, plots/h3n2_ha_6y_fra/before_after_eggpassaging_h3n2_ha_6y_fra.pdf
    jobid: 10
    wildcards: lineage=h3n2, segment=ha, resolution=6y, assay=fra

[Fri Mar 22 11:38:59 2019]
Finished job 10.
27 of 35 steps (77%) done

[Fri Mar 22 11:38:59 2019]
rule compair_pairs:
    input: dataframes/h3n2_ha_6y_fra.csv
    output: plots/egg_results/egg_mutation_accuracy_h3n2_ha_6y_fra.json
    jobid: 24
    wildcards: lineage=h3n2, segment=ha, resolution=6y, assay=fra

[Fri Mar 22 11:38:59 2019]
Finished job 24.
28 of 35 steps (80%) done

[Fri Mar 22 11:38:59 2019]
rule egg_epistasis:
    input: dataframes/h3n2_ha_6y_fra.csv
    output: plots/h3n2_ha_6y_fra/epistasis_heatmap_h3n2_ha_6y_fra.pdf, plots/h3n2_ha_6y_fra/epistasis_chord_diagram_h3n2_ha_6y_fra.pdf
    jobid: 14
    wildcards: lineage=h3n2, segment=ha, resolution=6y, assay=fra

[Fri Mar 22 11:39:18 2019]
Finished job 14.
29 of 35 steps (83%) done

[Fri Mar 22 11:39:18 2019]
rule plot_background_kkclades:
    input: dataframes/h3n2_ha_6y_hi.csv, config/clades_h3n2_ha.tsv
    output: plots/h3n2_ha_6y_hi/genetic_background_kkclade_heatmap_h3n2_ha_6y_hi.pdf
    jobid: 19
    wildcards: lineage=h3n2, segment=ha, resolution=6y, assay=hi

[Fri Mar 22 11:39:23 2019]
Finished job 19.
30 of 35 steps (86%) done

[Fri Mar 22 11:39:23 2019]
rule plot_background:
    input: dataframes/h3n2_ha_6y_hi.csv, config/clades_h3n2_ha.tsv
    output: plots/h3n2_ha_6y_hi/genetic_background_heatmap_h3n2_ha_6y_hi.pdf
    jobid: 17
    wildcards: lineage=h3n2, segment=ha, assay=hi

[Fri Mar 22 11:39:29 2019]
Finished job 17.
31 of 35 steps (89%) done

[Fri Mar 22 11:39:29 2019]
rule egg_epistasis:
    input: dataframes/h3n2_ha_6y_hi.csv
    output: plots/h3n2_ha_6y_hi/epistasis_heatmap_h3n2_ha_6y_hi.pdf, plots/h3n2_ha_6y_hi/epistasis_chord_diagram_h3n2_ha_6y_hi.pdf
    jobid: 13
    wildcards: lineage=h3n2, segment=ha, resolution=6y, assay=hi

[Fri Mar 22 11:39:48 2019]
Finished job 13.
32 of 35 steps (91%) done

[Fri Mar 22 11:39:48 2019]
rule find_egg_mutations:
    input: dataframes/h3n2_ha_6y_hi.csv
    output: plots/h3n2_ha_6y_hi/egg_mutation_aa_prevalence_h3n2_ha_6y_hi.pdf, plots/h3n2_ha_6y_hi/egg_mutation_site_prevalence_h3n2_ha_6y_hi.pdf, plots/h3n2_ha_6y_hi/before_after_eggpassaging_h3n2_ha_6y_hi.pdf
    jobid: 9
    wildcards: lineage=h3n2, segment=ha, resolution=6y, assay=hi

[Fri Mar 22 11:39:53 2019]
Finished job 9.
33 of 35 steps (94%) done

[Fri Mar 22 11:39:53 2019]
rule compair_pairs:
    input: dataframes/h3n2_ha_6y_hi.csv
    output: plots/egg_results/egg_mutation_accuracy_h3n2_ha_6y_hi.json
    jobid: 23
    wildcards: lineage=h3n2, segment=ha, resolution=6y, assay=hi

[Fri Mar 22 11:39:54 2019]
Finished job 23.
34 of 35 steps (97%) done

[Fri Mar 22 11:39:54 2019]
localrule all:
    input: auspice/flu_seasonal_h3n2_ha_6y_hi_tree.json, auspice/flu_seasonal_h3n2_ha_6y_fra_tree.json, auspice/flu_seasonal_h3n2_ha_12y_hi_tree.json, auspice/flu_seasonal_h3n2_ha_12y_fra_tree.json, auspice/flu_seasonal_h3n2_ha_6y_hi_meta.json, auspice/flu_seasonal_h3n2_ha_6y_fra_meta.json, auspice/flu_seasonal_h3n2_ha_12y_hi_meta.json, auspice/flu_seasonal_h3n2_ha_12y_fra_meta.json, auspice/flu_seasonal_h3n2_ha_6y_hi_tip-frequencies.json, auspice/flu_seasonal_h3n2_ha_6y_fra_tip-frequencies.json, auspice/flu_seasonal_h3n2_ha_12y_hi_tip-frequencies.json, auspice/flu_seasonal_h3n2_ha_12y_fra_tip-frequencies.json, dataframes/h3n2_ha_6y_hi.csv, dataframes/h3n2_ha_6y_fra.csv, dataframes/h3n2_ha_12y_hi.csv, dataframes/h3n2_ha_12y_fra.csv, plots/h3n2_ha_6y_hi/egg_mutation_aa_prevalence_h3n2_ha_6y_hi.pdf, plots/h3n2_ha_6y_fra/egg_mutation_aa_prevalence_h3n2_ha_6y_fra.pdf, plots/h3n2_ha_12y_hi/egg_mutation_aa_prevalence_h3n2_ha_12y_hi.pdf, plots/h3n2_ha_12y_fra/egg_mutation_aa_prevalence_h3n2_ha_12y_fra.pdf, plots/h3n2_ha_6y_hi/epistasis_heatmap_h3n2_ha_6y_hi.pdf, plots/h3n2_ha_6y_fra/epistasis_heatmap_h3n2_ha_6y_fra.pdf, plots/h3n2_ha_12y_hi/epistasis_heatmap_h3n2_ha_12y_hi.pdf, plots/h3n2_ha_12y_fra/epistasis_heatmap_h3n2_ha_12y_fra.pdf, plots/h3n2_ha_6y_hi/genetic_background_heatmap_h3n2_ha_6y_hi.pdf, plots/h3n2_ha_6y_fra/genetic_background_heatmap_h3n2_ha_6y_fra.pdf, plots/h3n2_ha_6y_hi/genetic_background_kkclade_heatmap_h3n2_ha_6y_hi.pdf, plots/h3n2_ha_6y_fra/genetic_background_kkclade_heatmap_h3n2_ha_6y_fra.pdf, plots/h3n2_ha_12y_hi/genetic_background_kkclade_heatmap_h3n2_ha_12y_hi.pdf, plots/h3n2_ha_12y_fra/genetic_background_kkclade_heatmap_h3n2_ha_12y_fra.pdf, plots/h3n2_ha_6y_hi/epistasis_chord_diagram_h3n2_ha_6y_hi.pdf, plots/h3n2_ha_6y_fra/epistasis_chord_diagram_h3n2_ha_6y_fra.pdf, plots/h3n2_ha_12y_hi/epistasis_chord_diagram_h3n2_ha_12y_hi.pdf, plots/h3n2_ha_12y_fra/epistasis_chord_diagram_h3n2_ha_12y_fra.pdf, plots/egg_results/egg_mutation_accuracy_h3n2_ha_6y_hi.json, plots/egg_results/egg_mutation_accuracy_h3n2_ha_6y_fra.json, plots/egg_results/egg_mutation_accuracy_h3n2_ha_12y_hi.json, plots/egg_results/egg_mutation_accuracy_h3n2_ha_12y_fra.json
    jobid: 0

[Fri Mar 22 11:39:54 2019]
Finished job 0.
35 of 35 steps (100%) done
Complete log: /Users/katekistler/nextstrain/egg-passage/.snakemake/log/2019-03-22T113013.106662.snakemake.log
