Building DAG of jobs...
Using shell: /anaconda2/envs/py3/bin/bash
Provided cores: 1
Rules claiming more threads will be scaled down.
Job counts:
	count	jobs
	1	download_all
	1	parse
	2

[Wed Feb 27 13:54:40 2019]
Job 8: Parsing fasta into sequences and metadata

[Wed Feb 27 13:54:47 2019]
Finished job 8.
1 of 2 steps (50%) done

[Wed Feb 27 13:54:47 2019]
localrule download_all:
    input: data/who_h3n2_cell_hi_titers.tsv, data/who_h3n2_cell_fra_titers.tsv, data/who_h3n2_egg_hi_titers.tsv, data/who_h3n2_egg_fra_titers.tsv, data/h3n2_ha.fasta, data/who_h3n2_concat_hi_titers.tsv, data/who_h3n2_concat_fra_titers.tsv, results/metadata_h3n2_ha.tsv
    jobid: 0

[Wed Feb 27 13:54:47 2019]
Finished job 0.
2 of 2 steps (100%) done
Complete log: /Users/katekistler/nextstrain/egg-passage/.snakemake/log/2019-02-27T135438.560084.snakemake.log
