Building DAG of jobs...
Using shell: /anaconda2/envs/py3/bin/bash
Provided cores: 1
Rules claiming more threads will be scaled down.
Job counts:
	count	jobs
	1	all_egg_analyses
	4	egg_epistasis
	4	find_egg_mutations
	4	organize_output
	13

[Sun Mar  3 20:05:38 2019]
rule organize_output:
    input: auspice/flu_seasonal_h3n2_ha_12y_hi_tree.json, results/aa-seq_who_h3n2_ha_12y_concat_hi_HA1.fasta, auspice/flu_seasonal_h3n2_ha_12y_hi_root-sequence.json
    output: dataframes/h3n2_ha_12y_hi.csv, dataframes/h3n2_ha_12y_hi_egg.csv, dataframes/h3n2_ha_12y_hi_tidy.csv
    jobid: 3
    wildcards: lineage=h3n2, segment=ha, resolution=12y, assay=hi

[Sun Mar  3 20:06:44 2019]
Finished job 3.
1 of 13 steps (8%) done

[Sun Mar  3 20:06:44 2019]
rule organize_output:
    input: auspice/flu_seasonal_h3n2_ha_12y_fra_tree.json, results/aa-seq_who_h3n2_ha_12y_concat_fra_HA1.fasta, auspice/flu_seasonal_h3n2_ha_12y_fra_root-sequence.json
    output: dataframes/h3n2_ha_12y_fra.csv, dataframes/h3n2_ha_12y_fra_egg.csv, dataframes/h3n2_ha_12y_fra_tidy.csv
    jobid: 4
    wildcards: lineage=h3n2, segment=ha, resolution=12y, assay=fra

[Sun Mar  3 20:07:42 2019]
Finished job 4.
2 of 13 steps (15%) done

[Sun Mar  3 20:07:42 2019]
rule organize_output:
    input: auspice/flu_seasonal_h3n2_ha_6y_fra_tree.json, results/aa-seq_who_h3n2_ha_6y_concat_fra_HA1.fasta, auspice/flu_seasonal_h3n2_ha_6y_fra_root-sequence.json
    output: dataframes/h3n2_ha_6y_fra.csv, dataframes/h3n2_ha_6y_fra_egg.csv, dataframes/h3n2_ha_6y_fra_tidy.csv
    jobid: 2
    wildcards: lineage=h3n2, segment=ha, resolution=6y, assay=fra

[Sun Mar  3 20:08:31 2019]
Finished job 2.
3 of 13 steps (23%) done

[Sun Mar  3 20:08:31 2019]
rule organize_output:
    input: auspice/flu_seasonal_h3n2_ha_6y_hi_tree.json, results/aa-seq_who_h3n2_ha_6y_concat_hi_HA1.fasta, auspice/flu_seasonal_h3n2_ha_6y_hi_root-sequence.json
    output: dataframes/h3n2_ha_6y_hi.csv, dataframes/h3n2_ha_6y_hi_egg.csv, dataframes/h3n2_ha_6y_hi_tidy.csv
    jobid: 1
    wildcards: lineage=h3n2, segment=ha, resolution=6y, assay=hi

[Sun Mar  3 20:08:55 2019]
Finished job 1.
4 of 13 steps (31%) done

[Sun Mar  3 20:08:55 2019]
rule find_egg_mutations:
    input: dataframes/h3n2_ha_12y_fra.csv
    output: plots/h3n2_ha_12y_fra/egg_mutation_aa_prevalence_h3n2_ha_12y_fra.pdf, plots/h3n2_ha_12y_fra/egg_mutation_site_prevalence_h3n2_ha_12y_fra.pdf, plots/h3n2_ha_12y_fra/before_after_eggpassaging_h3n2_ha_12y_fra.pdf
    jobid: 8
    wildcards: lineage=h3n2, segment=ha, resolution=12y, assay=fra

[Sun Mar  3 20:09:01 2019]
Finished job 8.
5 of 13 steps (38%) done

[Sun Mar  3 20:09:01 2019]
rule egg_epistasis:
    input: dataframes/h3n2_ha_12y_fra.csv
    output: plots/h3n2_ha_12y_fra/epistasis_heatmap_h3n2_ha_12y_fra.pdf
    jobid: 12
    wildcards: lineage=h3n2, segment=ha, resolution=12y, assay=fra

Waiting at most 5 seconds for missing files.
MissingOutputException in line 777 of /Users/katekistler/nextstrain/egg-passage/Snakefile:
Missing files after 5 seconds:
plots/h3n2_ha_12y_fra/epistasis_heatmap_h3n2_ha_12y_fra.pdf
This might be due to filesystem latency. If that is the case, consider to increase the wait time with --latency-wait.
Shutting down, this might take some time.
Exiting because a job execution failed. Look above for error message
Complete log: /Users/katekistler/nextstrain/egg-passage/.snakemake/log/2019-03-03T200536.751194.snakemake.log
