Building DAG of jobs...
Using shell: /anaconda2/envs/py3/bin/bash
Provided cores: 1
Rules claiming more threads will be scaled down.
Job counts:
	count	jobs
	1	all
	4	compair_pairs
	4	egg_epistasis
	4	find_egg_mutations
	4	organize_output
	2	plot_background
	4	plot_background_kkclades
	4	simplify_auspice_names
	3	tip_frequencies
	30

[Tue Mar 19 12:11:42 2019]
rule simplify_auspice_names:
    input: auspice/flu_who_h3n2_ha_12y_concat_fra_tree.json, auspice/flu_who_h3n2_ha_12y_concat_fra_meta.json, auspice/flu_who_h3n2_ha_12y_concat_fra_root-sequence.json, auspice/flu_who_h3n2_ha_12y_concat_fra_tip-frequencies.json
    output: auspice/flu_seasonal_h3n2_ha_12y_fra_tree.json, results/kk_clades_h3n2_ha_12y_fra.csv, auspice/flu_seasonal_h3n2_ha_12y_fra_meta.json, auspice/flu_seasonal_h3n2_ha_12y_fra_root-sequence.json, auspice/flu_seasonal_h3n2_ha_12y_fra_tip-frequencies.json
    jobid: 4
    wildcards: lineage=h3n2, segment=ha, resolution=12y, assay=fra

Waiting at most 5 seconds for missing files.
[Tue Mar 19 12:12:14 2019]
Finished job 4.
1 of 30 steps (3%) done

[Tue Mar 19 12:12:14 2019]
rule organize_output:
    input: auspice/flu_seasonal_h3n2_ha_12y_fra_tree.json, results/aa-seq_who_h3n2_ha_12y_concat_fra_HA1.fasta, auspice/flu_seasonal_h3n2_ha_12y_fra_root-sequence.json
    output: dataframes/h3n2_ha_12y_fra.csv, dataframes/h3n2_ha_12y_fra_egg.csv, dataframes/h3n2_ha_12y_fra_tidy.csv
    jobid: 8
    wildcards: lineage=h3n2, segment=ha, resolution=12y, assay=fra

[Tue Mar 19 12:13:26 2019]
Finished job 8.
2 of 30 steps (7%) done

[Tue Mar 19 12:13:26 2019]
rule tip_frequencies:
    input: results/tree_who_h3n2_ha_12y_concat_hi.nwk, results/metadata_h3n2_ha.tsv, config/frequency_weights_by_region.json
    output: auspice/flu_who_h3n2_ha_12y_concat_hi_tip-frequencies.json
    jobid: 32
    wildcards: center=who, lineage=h3n2, segment=ha, resolution=12y, passage=concat, assay=hi

[Tue Mar 19 12:13:41 2019]
Finished job 32.
3 of 30 steps (10%) done

[Tue Mar 19 12:13:41 2019]
rule simplify_auspice_names:
    input: auspice/flu_who_h3n2_ha_12y_concat_hi_tree.json, auspice/flu_who_h3n2_ha_12y_concat_hi_meta.json, auspice/flu_who_h3n2_ha_12y_concat_hi_root-sequence.json, auspice/flu_who_h3n2_ha_12y_concat_hi_tip-frequencies.json
    output: auspice/flu_seasonal_h3n2_ha_12y_hi_tree.json, results/kk_clades_h3n2_ha_12y_hi.csv, auspice/flu_seasonal_h3n2_ha_12y_hi_meta.json, auspice/flu_seasonal_h3n2_ha_12y_hi_root-sequence.json, auspice/flu_seasonal_h3n2_ha_12y_hi_tip-frequencies.json
    jobid: 3
    wildcards: lineage=h3n2, segment=ha, resolution=12y, assay=hi

Waiting at most 5 seconds for missing files.
[Tue Mar 19 12:14:11 2019]
Finished job 3.
4 of 30 steps (13%) done

[Tue Mar 19 12:14:11 2019]
rule organize_output:
    input: auspice/flu_seasonal_h3n2_ha_12y_hi_tree.json, results/aa-seq_who_h3n2_ha_12y_concat_hi_HA1.fasta, auspice/flu_seasonal_h3n2_ha_12y_hi_root-sequence.json
    output: dataframes/h3n2_ha_12y_hi.csv, dataframes/h3n2_ha_12y_hi_egg.csv, dataframes/h3n2_ha_12y_hi_tidy.csv
    jobid: 7
    wildcards: lineage=h3n2, segment=ha, resolution=12y, assay=hi

[Tue Mar 19 12:15:37 2019]
Finished job 7.
5 of 30 steps (17%) done

[Tue Mar 19 12:15:37 2019]
rule tip_frequencies:
    input: results/tree_who_h3n2_ha_6y_concat_fra.nwk, results/metadata_h3n2_ha.tsv, config/frequency_weights_by_region.json
    output: auspice/flu_who_h3n2_ha_6y_concat_fra_tip-frequencies.json
    jobid: 30
    wildcards: center=who, lineage=h3n2, segment=ha, resolution=6y, passage=concat, assay=fra

[Tue Mar 19 12:15:52 2019]
Finished job 30.
6 of 30 steps (20%) done

[Tue Mar 19 12:15:52 2019]
rule simplify_auspice_names:
    input: auspice/flu_who_h3n2_ha_6y_concat_fra_tree.json, auspice/flu_who_h3n2_ha_6y_concat_fra_meta.json, auspice/flu_who_h3n2_ha_6y_concat_fra_root-sequence.json, auspice/flu_who_h3n2_ha_6y_concat_fra_tip-frequencies.json
    output: auspice/flu_seasonal_h3n2_ha_6y_fra_tree.json, results/kk_clades_h3n2_ha_6y_fra.csv, auspice/flu_seasonal_h3n2_ha_6y_fra_meta.json, auspice/flu_seasonal_h3n2_ha_6y_fra_root-sequence.json, auspice/flu_seasonal_h3n2_ha_6y_fra_tip-frequencies.json
    jobid: 2
    wildcards: lineage=h3n2, segment=ha, resolution=6y, assay=fra

Waiting at most 5 seconds for missing files.
[Tue Mar 19 12:16:16 2019]
Finished job 2.
7 of 30 steps (23%) done

[Tue Mar 19 12:16:16 2019]
rule organize_output:
    input: auspice/flu_seasonal_h3n2_ha_6y_fra_tree.json, results/aa-seq_who_h3n2_ha_6y_concat_fra_HA1.fasta, auspice/flu_seasonal_h3n2_ha_6y_fra_root-sequence.json
    output: dataframes/h3n2_ha_6y_fra.csv, dataframes/h3n2_ha_6y_fra_egg.csv, dataframes/h3n2_ha_6y_fra_tidy.csv
    jobid: 6
    wildcards: lineage=h3n2, segment=ha, resolution=6y, assay=fra

[Tue Mar 19 12:17:24 2019]
Finished job 6.
8 of 30 steps (27%) done

[Tue Mar 19 12:17:24 2019]
rule tip_frequencies:
    input: results/tree_who_h3n2_ha_6y_concat_hi.nwk, results/metadata_h3n2_ha.tsv, config/frequency_weights_by_region.json
    output: auspice/flu_who_h3n2_ha_6y_concat_hi_tip-frequencies.json
    jobid: 28
    wildcards: center=who, lineage=h3n2, segment=ha, resolution=6y, passage=concat, assay=hi

[Tue Mar 19 12:17:39 2019]
Finished job 28.
9 of 30 steps (30%) done

[Tue Mar 19 12:17:39 2019]
rule simplify_auspice_names:
    input: auspice/flu_who_h3n2_ha_6y_concat_hi_tree.json, auspice/flu_who_h3n2_ha_6y_concat_hi_meta.json, auspice/flu_who_h3n2_ha_6y_concat_hi_root-sequence.json, auspice/flu_who_h3n2_ha_6y_concat_hi_tip-frequencies.json
    output: auspice/flu_seasonal_h3n2_ha_6y_hi_tree.json, results/kk_clades_h3n2_ha_6y_hi.csv, auspice/flu_seasonal_h3n2_ha_6y_hi_meta.json, auspice/flu_seasonal_h3n2_ha_6y_hi_root-sequence.json, auspice/flu_seasonal_h3n2_ha_6y_hi_tip-frequencies.json
    jobid: 1
    wildcards: lineage=h3n2, segment=ha, resolution=6y, assay=hi

Waiting at most 5 seconds for missing files.
[Tue Mar 19 12:18:01 2019]
Finished job 1.
10 of 30 steps (33%) done

[Tue Mar 19 12:18:01 2019]
rule organize_output:
    input: auspice/flu_seasonal_h3n2_ha_6y_hi_tree.json, results/aa-seq_who_h3n2_ha_6y_concat_hi_HA1.fasta, auspice/flu_seasonal_h3n2_ha_6y_hi_root-sequence.json
    output: dataframes/h3n2_ha_6y_hi.csv, dataframes/h3n2_ha_6y_hi_egg.csv, dataframes/h3n2_ha_6y_hi_tidy.csv
    jobid: 5
    wildcards: lineage=h3n2, segment=ha, resolution=6y, assay=hi

[Tue Mar 19 12:18:32 2019]
Finished job 5.
11 of 30 steps (37%) done

[Tue Mar 19 12:18:32 2019]
rule plot_background_kkclades:
    input: dataframes/h3n2_ha_12y_fra.csv, config/clades_h3n2_ha.tsv
    output: plots/h3n2_ha_12y_fra/genetic_background_kkclade_heatmap_h3n2_ha_12y_fra.pdf
    jobid: 22
    wildcards: lineage=h3n2, segment=ha, resolution=12y, assay=fra

[Tue Mar 19 12:18:38 2019]
Finished job 22.
12 of 30 steps (40%) done

[Tue Mar 19 12:18:38 2019]
rule find_egg_mutations:
    input: dataframes/h3n2_ha_12y_fra.csv
    output: plots/h3n2_ha_12y_fra/egg_mutation_aa_prevalence_h3n2_ha_12y_fra.pdf, plots/h3n2_ha_12y_fra/egg_mutation_site_prevalence_h3n2_ha_12y_fra.pdf, plots/h3n2_ha_12y_fra/before_after_eggpassaging_h3n2_ha_12y_fra.pdf
    jobid: 12
    wildcards: lineage=h3n2, segment=ha, resolution=12y, assay=fra

[Tue Mar 19 12:18:44 2019]
Finished job 12.
13 of 30 steps (43%) done

[Tue Mar 19 12:18:44 2019]
rule egg_epistasis:
    input: dataframes/h3n2_ha_12y_fra.csv
    output: plots/h3n2_ha_12y_fra/epistasis_heatmap_h3n2_ha_12y_fra.pdf, plots/h3n2_ha_12y_fra/epistasis_chord_diagram_h3n2_ha_12y_fra.pdf
    jobid: 16
    wildcards: lineage=h3n2, segment=ha, resolution=12y, assay=fra

[Tue Mar 19 12:19:08 2019]
Finished job 16.
14 of 30 steps (47%) done

[Tue Mar 19 12:19:08 2019]
rule compair_pairs:
    input: dataframes/h3n2_ha_12y_fra.csv
    output: egg_results/egg_mutation_accuracy_h3n2_ha_12y_fra.json
    jobid: 26
    wildcards: lineage=h3n2, segment=ha, resolution=12y, assay=fra

[Tue Mar 19 12:19:10 2019]
Finished job 26.
15 of 30 steps (50%) done

[Tue Mar 19 12:19:10 2019]
rule plot_background_kkclades:
    input: dataframes/h3n2_ha_12y_hi.csv, config/clades_h3n2_ha.tsv
    output: plots/h3n2_ha_12y_hi/genetic_background_kkclade_heatmap_h3n2_ha_12y_hi.pdf
    jobid: 21
    wildcards: lineage=h3n2, segment=ha, resolution=12y, assay=hi

[Tue Mar 19 12:19:15 2019]
Finished job 21.
16 of 30 steps (53%) done

[Tue Mar 19 12:19:15 2019]
rule find_egg_mutations:
    input: dataframes/h3n2_ha_12y_hi.csv
    output: plots/h3n2_ha_12y_hi/egg_mutation_aa_prevalence_h3n2_ha_12y_hi.pdf, plots/h3n2_ha_12y_hi/egg_mutation_site_prevalence_h3n2_ha_12y_hi.pdf, plots/h3n2_ha_12y_hi/before_after_eggpassaging_h3n2_ha_12y_hi.pdf
    jobid: 11
    wildcards: lineage=h3n2, segment=ha, resolution=12y, assay=hi

[Tue Mar 19 12:19:22 2019]
Finished job 11.
17 of 30 steps (57%) done

[Tue Mar 19 12:19:22 2019]
rule egg_epistasis:
    input: dataframes/h3n2_ha_12y_hi.csv
    output: plots/h3n2_ha_12y_hi/epistasis_heatmap_h3n2_ha_12y_hi.pdf, plots/h3n2_ha_12y_hi/epistasis_chord_diagram_h3n2_ha_12y_hi.pdf
    jobid: 15
    wildcards: lineage=h3n2, segment=ha, resolution=12y, assay=hi

[Tue Mar 19 12:19:46 2019]
Finished job 15.
18 of 30 steps (60%) done

[Tue Mar 19 12:19:46 2019]
rule compair_pairs:
    input: dataframes/h3n2_ha_12y_hi.csv
    output: egg_results/egg_mutation_accuracy_h3n2_ha_12y_hi.json
    jobid: 25
    wildcards: lineage=h3n2, segment=ha, resolution=12y, assay=hi

[Tue Mar 19 12:19:48 2019]
Finished job 25.
19 of 30 steps (63%) done

[Tue Mar 19 12:19:48 2019]
rule plot_background:
    input: dataframes/h3n2_ha_6y_fra.csv, config/clades_h3n2_ha.tsv
    output: plots/h3n2_ha_6y_fra/genetic_background_heatmap_h3n2_ha_6y_fra.pdf
    jobid: 18
    wildcards: lineage=h3n2, segment=ha, assay=fra

[Tue Mar 19 12:19:54 2019]
Finished job 18.
20 of 30 steps (67%) done

[Tue Mar 19 12:19:54 2019]
rule plot_background_kkclades:
    input: dataframes/h3n2_ha_6y_fra.csv, config/clades_h3n2_ha.tsv
    output: plots/h3n2_ha_6y_fra/genetic_background_kkclade_heatmap_h3n2_ha_6y_fra.pdf
    jobid: 20
    wildcards: lineage=h3n2, segment=ha, resolution=6y, assay=fra

[Tue Mar 19 12:19:59 2019]
Finished job 20.
21 of 30 steps (70%) done

[Tue Mar 19 12:19:59 2019]
rule find_egg_mutations:
    input: dataframes/h3n2_ha_6y_fra.csv
    output: plots/h3n2_ha_6y_fra/egg_mutation_aa_prevalence_h3n2_ha_6y_fra.pdf, plots/h3n2_ha_6y_fra/egg_mutation_site_prevalence_h3n2_ha_6y_fra.pdf, plots/h3n2_ha_6y_fra/before_after_eggpassaging_h3n2_ha_6y_fra.pdf
    jobid: 10
    wildcards: lineage=h3n2, segment=ha, resolution=6y, assay=fra

[Tue Mar 19 12:20:05 2019]
Finished job 10.
22 of 30 steps (73%) done

[Tue Mar 19 12:20:05 2019]
rule egg_epistasis:
    input: dataframes/h3n2_ha_6y_fra.csv
    output: plots/h3n2_ha_6y_fra/epistasis_heatmap_h3n2_ha_6y_fra.pdf, plots/h3n2_ha_6y_fra/epistasis_chord_diagram_h3n2_ha_6y_fra.pdf
    jobid: 14
    wildcards: lineage=h3n2, segment=ha, resolution=6y, assay=fra

[Tue Mar 19 12:20:29 2019]
Finished job 14.
23 of 30 steps (77%) done

[Tue Mar 19 12:20:29 2019]
rule compair_pairs:
    input: dataframes/h3n2_ha_6y_fra.csv
    output: egg_results/egg_mutation_accuracy_h3n2_ha_6y_fra.json
    jobid: 24
    wildcards: lineage=h3n2, segment=ha, resolution=6y, assay=fra

[Tue Mar 19 12:20:30 2019]
Finished job 24.
24 of 30 steps (80%) done

[Tue Mar 19 12:20:30 2019]
rule plot_background:
    input: dataframes/h3n2_ha_6y_hi.csv, config/clades_h3n2_ha.tsv
    output: plots/h3n2_ha_6y_hi/genetic_background_heatmap_h3n2_ha_6y_hi.pdf
    jobid: 17
    wildcards: lineage=h3n2, segment=ha, assay=hi

[Tue Mar 19 12:20:36 2019]
Finished job 17.
25 of 30 steps (83%) done

[Tue Mar 19 12:20:36 2019]
rule plot_background_kkclades:
    input: dataframes/h3n2_ha_6y_hi.csv, config/clades_h3n2_ha.tsv
    output: plots/h3n2_ha_6y_hi/genetic_background_kkclade_heatmap_h3n2_ha_6y_hi.pdf
    jobid: 19
    wildcards: lineage=h3n2, segment=ha, resolution=6y, assay=hi

[Tue Mar 19 12:20:42 2019]
Finished job 19.
26 of 30 steps (87%) done

[Tue Mar 19 12:20:42 2019]
rule find_egg_mutations:
    input: dataframes/h3n2_ha_6y_hi.csv
    output: plots/h3n2_ha_6y_hi/egg_mutation_aa_prevalence_h3n2_ha_6y_hi.pdf, plots/h3n2_ha_6y_hi/egg_mutation_site_prevalence_h3n2_ha_6y_hi.pdf, plots/h3n2_ha_6y_hi/before_after_eggpassaging_h3n2_ha_6y_hi.pdf
    jobid: 9
    wildcards: lineage=h3n2, segment=ha, resolution=6y, assay=hi

[Tue Mar 19 12:20:48 2019]
Finished job 9.
27 of 30 steps (90%) done

[Tue Mar 19 12:20:48 2019]
rule egg_epistasis:
    input: dataframes/h3n2_ha_6y_hi.csv
    output: plots/h3n2_ha_6y_hi/epistasis_heatmap_h3n2_ha_6y_hi.pdf, plots/h3n2_ha_6y_hi/epistasis_chord_diagram_h3n2_ha_6y_hi.pdf
    jobid: 13
    wildcards: lineage=h3n2, segment=ha, resolution=6y, assay=hi

[Tue Mar 19 12:21:09 2019]
Finished job 13.
28 of 30 steps (93%) done

[Tue Mar 19 12:21:09 2019]
rule compair_pairs:
    input: dataframes/h3n2_ha_6y_hi.csv
    output: egg_results/egg_mutation_accuracy_h3n2_ha_6y_hi.json
    jobid: 23
    wildcards: lineage=h3n2, segment=ha, resolution=6y, assay=hi

[Tue Mar 19 12:21:10 2019]
Finished job 23.
29 of 30 steps (97%) done

[Tue Mar 19 12:21:10 2019]
localrule all:
    input: auspice/flu_seasonal_h3n2_ha_6y_hi_tree.json, auspice/flu_seasonal_h3n2_ha_6y_fra_tree.json, auspice/flu_seasonal_h3n2_ha_12y_hi_tree.json, auspice/flu_seasonal_h3n2_ha_12y_fra_tree.json, auspice/flu_seasonal_h3n2_ha_6y_hi_meta.json, auspice/flu_seasonal_h3n2_ha_6y_fra_meta.json, auspice/flu_seasonal_h3n2_ha_12y_hi_meta.json, auspice/flu_seasonal_h3n2_ha_12y_fra_meta.json, auspice/flu_seasonal_h3n2_ha_6y_hi_tip-frequencies.json, auspice/flu_seasonal_h3n2_ha_6y_fra_tip-frequencies.json, auspice/flu_seasonal_h3n2_ha_12y_hi_tip-frequencies.json, auspice/flu_seasonal_h3n2_ha_12y_fra_tip-frequencies.json, dataframes/h3n2_ha_6y_hi.csv, dataframes/h3n2_ha_6y_fra.csv, dataframes/h3n2_ha_12y_hi.csv, dataframes/h3n2_ha_12y_fra.csv, plots/h3n2_ha_6y_hi/egg_mutation_aa_prevalence_h3n2_ha_6y_hi.pdf, plots/h3n2_ha_6y_fra/egg_mutation_aa_prevalence_h3n2_ha_6y_fra.pdf, plots/h3n2_ha_12y_hi/egg_mutation_aa_prevalence_h3n2_ha_12y_hi.pdf, plots/h3n2_ha_12y_fra/egg_mutation_aa_prevalence_h3n2_ha_12y_fra.pdf, plots/h3n2_ha_6y_hi/epistasis_heatmap_h3n2_ha_6y_hi.pdf, plots/h3n2_ha_6y_fra/epistasis_heatmap_h3n2_ha_6y_fra.pdf, plots/h3n2_ha_12y_hi/epistasis_heatmap_h3n2_ha_12y_hi.pdf, plots/h3n2_ha_12y_fra/epistasis_heatmap_h3n2_ha_12y_fra.pdf, plots/h3n2_ha_6y_hi/genetic_background_heatmap_h3n2_ha_6y_hi.pdf, plots/h3n2_ha_6y_fra/genetic_background_heatmap_h3n2_ha_6y_fra.pdf, plots/h3n2_ha_6y_hi/genetic_background_kkclade_heatmap_h3n2_ha_6y_hi.pdf, plots/h3n2_ha_6y_fra/genetic_background_kkclade_heatmap_h3n2_ha_6y_fra.pdf, plots/h3n2_ha_12y_hi/genetic_background_kkclade_heatmap_h3n2_ha_12y_hi.pdf, plots/h3n2_ha_12y_fra/genetic_background_kkclade_heatmap_h3n2_ha_12y_fra.pdf, plots/h3n2_ha_6y_hi/epistasis_chord_diagram_h3n2_ha_6y_hi.pdf, plots/h3n2_ha_6y_fra/epistasis_chord_diagram_h3n2_ha_6y_fra.pdf, plots/h3n2_ha_12y_hi/epistasis_chord_diagram_h3n2_ha_12y_hi.pdf, plots/h3n2_ha_12y_fra/epistasis_chord_diagram_h3n2_ha_12y_fra.pdf, egg_results/egg_mutation_accuracy_h3n2_ha_6y_hi.json, egg_results/egg_mutation_accuracy_h3n2_ha_6y_fra.json, egg_results/egg_mutation_accuracy_h3n2_ha_12y_hi.json, egg_results/egg_mutation_accuracy_h3n2_ha_12y_fra.json
    jobid: 0

[Tue Mar 19 12:21:10 2019]
Finished job 0.
30 of 30 steps (100%) done
Complete log: /Users/katekistler/nextstrain/egg-passage/.snakemake/log/2019-03-19T121140.837906.snakemake.log
