Building DAG of jobs...
Using shell: /anaconda2/envs/py3/bin/bash
Provided cores: 1
Rules claiming more threads will be scaled down.
Job counts:
	count	jobs
	1	all_egg_analyses
	3	compair_pairs
	4

[Tue Mar  5 09:53:09 2019]
rule compair_pairs:
    input: dataframes/h3n2_ha_12y_fra.csv
    output: results/egg_mutation_accuracy_h3n2_ha_12y_fra.json
    jobid: 16
    wildcards: lineage=h3n2, segment=ha, resolution=12y, assay=fra

[Tue Mar  5 09:53:10 2019]
Error in rule compair_pairs:
    jobid: 16
    output: results/egg_mutation_accuracy_h3n2_ha_12y_fra.json

RuleException:
CalledProcessError in line 795 of /Users/katekistler/nextstrain/egg-passage/Snakefile:
Command 'set -euo pipefail;  python3 scripts/compare_pairs.py             --in_file = dataframes/h3n2_ha_12y_fra.csv' returned non-zero exit status 2.
  File "/Users/katekistler/nextstrain/egg-passage/Snakefile", line 795, in __rule_compair_pairs
  File "/anaconda2/envs/py3/lib/python3.6/concurrent/futures/thread.py", line 56, in run
Shutting down, this might take some time.
Exiting because a job execution failed. Look above for error message
Complete log: /Users/katekistler/nextstrain/egg-passage/.snakemake/log/2019-03-05T095308.086041.snakemake.log
