Building DAG of jobs...
Using shell: /anaconda2/envs/py3/bin/bash
Provided cores: 1
Rules claiming more threads will be scaled down.
Job counts:
	count	jobs
	1	all_egg_analyses
	4	egg_epistasis
	4	find_egg_mutations
	4	organize_output
	13

[Mon Mar  4 10:40:44 2019]
rule organize_output:
    input: auspice/flu_seasonal_h3n2_ha_12y_hi_tree.json, results/aa-seq_who_h3n2_ha_12y_concat_hi_HA1.fasta, auspice/flu_seasonal_h3n2_ha_12y_hi_root-sequence.json
    output: dataframes/h3n2_ha_12y_hi.csv, dataframes/h3n2_ha_12y_hi_egg.csv, dataframes/h3n2_ha_12y_hi_tidy.csv
    jobid: 3
    wildcards: lineage=h3n2, segment=ha, resolution=12y, assay=hi

[Mon Mar  4 10:42:03 2019]
Finished job 3.
1 of 13 steps (8%) done

[Mon Mar  4 10:42:03 2019]
rule organize_output:
    input: auspice/flu_seasonal_h3n2_ha_12y_fra_tree.json, results/aa-seq_who_h3n2_ha_12y_concat_fra_HA1.fasta, auspice/flu_seasonal_h3n2_ha_12y_fra_root-sequence.json
    output: dataframes/h3n2_ha_12y_fra.csv, dataframes/h3n2_ha_12y_fra_egg.csv, dataframes/h3n2_ha_12y_fra_tidy.csv
    jobid: 4
    wildcards: lineage=h3n2, segment=ha, resolution=12y, assay=fra

[Mon Mar  4 10:43:14 2019]
Finished job 4.
2 of 13 steps (15%) done

[Mon Mar  4 10:43:14 2019]
rule organize_output:
    input: auspice/flu_seasonal_h3n2_ha_6y_fra_tree.json, results/aa-seq_who_h3n2_ha_6y_concat_fra_HA1.fasta, auspice/flu_seasonal_h3n2_ha_6y_fra_root-sequence.json
    output: dataframes/h3n2_ha_6y_fra.csv, dataframes/h3n2_ha_6y_fra_egg.csv, dataframes/h3n2_ha_6y_fra_tidy.csv
    jobid: 2
    wildcards: lineage=h3n2, segment=ha, resolution=6y, assay=fra

[Mon Mar  4 10:44:08 2019]
Finished job 2.
3 of 13 steps (23%) done

[Mon Mar  4 10:44:08 2019]
rule organize_output:
    input: auspice/flu_seasonal_h3n2_ha_6y_hi_tree.json, results/aa-seq_who_h3n2_ha_6y_concat_hi_HA1.fasta, auspice/flu_seasonal_h3n2_ha_6y_hi_root-sequence.json
    output: dataframes/h3n2_ha_6y_hi.csv, dataframes/h3n2_ha_6y_hi_egg.csv, dataframes/h3n2_ha_6y_hi_tidy.csv
    jobid: 1
    wildcards: lineage=h3n2, segment=ha, resolution=6y, assay=hi

[Mon Mar  4 10:44:32 2019]
Finished job 1.
4 of 13 steps (31%) done

[Mon Mar  4 10:44:32 2019]
rule egg_epistasis:
    input: dataframes/h3n2_ha_12y_fra.csv
    output: plots/h3n2_ha_12y_fra/epistasis_heatmap_h3n2_ha_12y_fra.pdf
    jobid: 12
    wildcards: lineage=h3n2, segment=ha, resolution=12y, assay=fra

[Mon Mar  4 10:44:35 2019]
Error in rule egg_epistasis:
    jobid: 12
    output: plots/h3n2_ha_12y_fra/epistasis_heatmap_h3n2_ha_12y_fra.pdf

RuleException:
CalledProcessError in line 783 of /Users/katekistler/nextstrain/egg-passage/Snakefile:
Command 'set -euo pipefail;  python3 scripts/plot_egg_epistasis.py             --in_file dataframes/h3n2_ha_12y_fra.csv' returned non-zero exit status 1.
  File "/Users/katekistler/nextstrain/egg-passage/Snakefile", line 783, in __rule_egg_epistasis
  File "/anaconda2/envs/py3/lib/python3.6/concurrent/futures/thread.py", line 56, in run
Shutting down, this might take some time.
Exiting because a job execution failed. Look above for error message
Complete log: /Users/katekistler/nextstrain/egg-passage/.snakemake/log/2019-03-04T104042.572780.snakemake.log
