Building DAG of jobs...
Using shell: /anaconda2/envs/py3/bin/bash
Provided cores: 1
Rules claiming more threads will be scaled down.
Job counts:
	count	jobs
	1	all
	1	find_egg_seqs
	2

[Wed Feb 27 17:41:57 2019]
Job 1: Finding all egg-passaged viruses

[Wed Feb 27 17:49:43 2019]
Finished job 1.
1 of 2 steps (50%) done

[Wed Feb 27 17:49:43 2019]
localrule all:
    input: config/forceinclude_h3n2_ha.txt
    jobid: 0

[Wed Feb 27 17:49:43 2019]
Finished job 0.
2 of 2 steps (100%) done
Complete log: /Users/katekistler/nextstrain/egg-passage/.snakemake/log/2019-02-27T174156.013669.snakemake.log
