Building DAG of jobs...
Using shell: /anaconda2/envs/py3/bin/bash
Provided cores: 1
Rules claiming more threads will be scaled down.
Job counts:
	count	jobs
	1	all
	3	compair_pairs
	4

[Mon Apr 15 15:46:46 2019]
rule compair_pairs:
    input: dataframes/h3n2_ha_12y_fra.csv, results/aa-seq_who_h3n2_ha_12y_concat_fra_HA1.fasta
    output: plots/egg_results/egg_mutation_accuracy_h3n2_ha_12y_fra.json
    jobid: 26
    wildcards: lineage=h3n2, segment=ha, resolution=12y, assay=fra

[Mon Apr 15 15:47:58 2019]
Finished job 26.
1 of 4 steps (25%) done

[Mon Apr 15 15:47:58 2019]
rule compair_pairs:
    input: dataframes/h3n2_ha_6y_fra.csv, results/aa-seq_who_h3n2_ha_6y_concat_fra_HA1.fasta
    output: plots/egg_results/egg_mutation_accuracy_h3n2_ha_6y_fra.json
    jobid: 24
    wildcards: lineage=h3n2, segment=ha, resolution=6y, assay=fra

[Mon Apr 15 15:49:10 2019]
Finished job 24.
2 of 4 steps (50%) done

[Mon Apr 15 15:49:10 2019]
rule compair_pairs:
    input: dataframes/h3n2_ha_6y_hi.csv, results/aa-seq_who_h3n2_ha_6y_concat_hi_HA1.fasta
    output: plots/egg_results/egg_mutation_accuracy_h3n2_ha_6y_hi.json
    jobid: 23
    wildcards: lineage=h3n2, segment=ha, resolution=6y, assay=hi

[Mon Apr 15 15:50:17 2019]
Finished job 23.
3 of 4 steps (75%) done

[Mon Apr 15 15:50:17 2019]
localrule all:
    input: auspice/flu_seasonal_h3n2_ha_6y_hi_tree.json, auspice/flu_seasonal_h3n2_ha_6y_fra_tree.json, auspice/flu_seasonal_h3n2_ha_12y_hi_tree.json, auspice/flu_seasonal_h3n2_ha_12y_fra_tree.json, auspice/flu_seasonal_h3n2_ha_6y_hi_meta.json, auspice/flu_seasonal_h3n2_ha_6y_fra_meta.json, auspice/flu_seasonal_h3n2_ha_12y_hi_meta.json, auspice/flu_seasonal_h3n2_ha_12y_fra_meta.json, auspice/flu_seasonal_h3n2_ha_6y_hi_tip-frequencies.json, auspice/flu_seasonal_h3n2_ha_6y_fra_tip-frequencies.json, auspice/flu_seasonal_h3n2_ha_12y_hi_tip-frequencies.json, auspice/flu_seasonal_h3n2_ha_12y_fra_tip-frequencies.json, dataframes/h3n2_ha_6y_hi.csv, dataframes/h3n2_ha_6y_fra.csv, dataframes/h3n2_ha_12y_hi.csv, dataframes/h3n2_ha_12y_fra.csv, plots/h3n2_ha_6y_hi/egg_mutation_aa_prevalence_h3n2_ha_6y_hi.pdf, plots/h3n2_ha_6y_fra/egg_mutation_aa_prevalence_h3n2_ha_6y_fra.pdf, plots/h3n2_ha_12y_hi/egg_mutation_aa_prevalence_h3n2_ha_12y_hi.pdf, plots/h3n2_ha_12y_fra/egg_mutation_aa_prevalence_h3n2_ha_12y_fra.pdf, plots/h3n2_ha_6y_hi/epistasis_heatmap_h3n2_ha_6y_hi.pdf, plots/h3n2_ha_6y_fra/epistasis_heatmap_h3n2_ha_6y_fra.pdf, plots/h3n2_ha_12y_hi/epistasis_heatmap_h3n2_ha_12y_hi.pdf, plots/h3n2_ha_12y_fra/epistasis_heatmap_h3n2_ha_12y_fra.pdf, plots/h3n2_ha_6y_hi/genetic_background_heatmap_h3n2_ha_6y_hi.pdf, plots/h3n2_ha_6y_fra/genetic_background_heatmap_h3n2_ha_6y_fra.pdf, plots/h3n2_ha_6y_hi/genetic_background_kkclade_heatmap_h3n2_ha_6y_hi.pdf, plots/h3n2_ha_6y_fra/genetic_background_kkclade_heatmap_h3n2_ha_6y_fra.pdf, plots/h3n2_ha_12y_hi/genetic_background_kkclade_heatmap_h3n2_ha_12y_hi.pdf, plots/h3n2_ha_12y_fra/genetic_background_kkclade_heatmap_h3n2_ha_12y_fra.pdf, plots/h3n2_ha_6y_hi/epistasis_chord_diagram_h3n2_ha_6y_hi.pdf, plots/h3n2_ha_6y_fra/epistasis_chord_diagram_h3n2_ha_6y_fra.pdf, plots/h3n2_ha_12y_hi/epistasis_chord_diagram_h3n2_ha_12y_hi.pdf, plots/h3n2_ha_12y_fra/epistasis_chord_diagram_h3n2_ha_12y_fra.pdf, plots/egg_results/egg_mutation_accuracy_h3n2_ha_6y_hi.json, plots/egg_results/egg_mutation_accuracy_h3n2_ha_6y_fra.json, plots/egg_results/egg_mutation_accuracy_h3n2_ha_12y_hi.json, plots/egg_results/egg_mutation_accuracy_h3n2_ha_12y_fra.json
    jobid: 0

[Mon Apr 15 15:50:17 2019]
Finished job 0.
4 of 4 steps (100%) done
Complete log: /Users/katekistler/nextstrain/egg-passage/.snakemake/log/2019-04-15T154644.444538.snakemake.log
