Building DAG of jobs...
Using shell: /anaconda2/envs/py3/bin/bash
Provided cores: 1
Rules claiming more threads will be scaled down.
Job counts:
	count	jobs
	1	download_all
	1	download_sequences
	1	parse
	3

[Wed Feb 27 15:32:50 2019]
Job 5: Downloading sequences from fauna

Waiting at most 5 seconds for missing files.
MissingOutputException in line 164 of /Users/katekistler/nextstrain/egg-passage/Snakefile:
Missing files after 5 seconds:
data/h3n2_ha.fasta
This might be due to filesystem latency. If that is the case, consider to increase the wait time with --latency-wait.
Shutting down, this might take some time.
Exiting because a job execution failed. Look above for error message
Complete log: /Users/katekistler/nextstrain/egg-passage/.snakemake/log/2019-02-27T153249.373687.snakemake.log
