Building DAG of jobs...
Using shell: /anaconda2/envs/py3/bin/bash
Provided cores: 1
Rules claiming more threads will be scaled down.
Job counts:
	count	jobs
	1	all_egg_analyses
	4	egg_epistasis
	4	find_egg_mutations
	4	organize_output
	13

[Mon Mar  4 11:39:29 2019]
rule organize_output:
    input: auspice/flu_seasonal_h3n2_ha_12y_hi_tree.json, results/aa-seq_who_h3n2_ha_12y_concat_hi_HA1.fasta, auspice/flu_seasonal_h3n2_ha_12y_hi_root-sequence.json
    output: dataframes/h3n2_ha_12y_hi.csv, dataframes/h3n2_ha_12y_hi_egg.csv, dataframes/h3n2_ha_12y_hi_tidy.csv
    jobid: 3
    wildcards: lineage=h3n2, segment=ha, resolution=12y, assay=hi

[Mon Mar  4 11:40:41 2019]
Finished job 3.
1 of 13 steps (8%) done

[Mon Mar  4 11:40:41 2019]
rule organize_output:
    input: auspice/flu_seasonal_h3n2_ha_12y_fra_tree.json, results/aa-seq_who_h3n2_ha_12y_concat_fra_HA1.fasta, auspice/flu_seasonal_h3n2_ha_12y_fra_root-sequence.json
    output: dataframes/h3n2_ha_12y_fra.csv, dataframes/h3n2_ha_12y_fra_egg.csv, dataframes/h3n2_ha_12y_fra_tidy.csv
    jobid: 4
    wildcards: lineage=h3n2, segment=ha, resolution=12y, assay=fra

[Mon Mar  4 11:41:43 2019]
Finished job 4.
2 of 13 steps (15%) done

[Mon Mar  4 11:41:43 2019]
rule organize_output:
    input: auspice/flu_seasonal_h3n2_ha_6y_fra_tree.json, results/aa-seq_who_h3n2_ha_6y_concat_fra_HA1.fasta, auspice/flu_seasonal_h3n2_ha_6y_fra_root-sequence.json
    output: dataframes/h3n2_ha_6y_fra.csv, dataframes/h3n2_ha_6y_fra_egg.csv, dataframes/h3n2_ha_6y_fra_tidy.csv
    jobid: 2
    wildcards: lineage=h3n2, segment=ha, resolution=6y, assay=fra

[Mon Mar  4 11:42:32 2019]
Finished job 2.
3 of 13 steps (23%) done

[Mon Mar  4 11:42:32 2019]
rule organize_output:
    input: auspice/flu_seasonal_h3n2_ha_6y_hi_tree.json, results/aa-seq_who_h3n2_ha_6y_concat_hi_HA1.fasta, auspice/flu_seasonal_h3n2_ha_6y_hi_root-sequence.json
    output: dataframes/h3n2_ha_6y_hi.csv, dataframes/h3n2_ha_6y_hi_egg.csv, dataframes/h3n2_ha_6y_hi_tidy.csv
    jobid: 1
    wildcards: lineage=h3n2, segment=ha, resolution=6y, assay=hi

[Mon Mar  4 11:42:55 2019]
Finished job 1.
4 of 13 steps (31%) done

[Mon Mar  4 11:42:55 2019]
rule egg_epistasis:
    input: dataframes/h3n2_ha_12y_fra.csv
    output: plots/h3n2_ha_12y_fra/epistasis_heatmap_h3n2_ha_12y_fra.pdf
    jobid: 12
    wildcards: lineage=h3n2, segment=ha, resolution=12y, assay=fra

[Mon Mar  4 11:43:04 2019]
Finished job 12.
5 of 13 steps (38%) done

[Mon Mar  4 11:43:04 2019]
rule find_egg_mutations:
    input: dataframes/h3n2_ha_12y_fra.csv
    output: plots/h3n2_ha_12y_fra/egg_mutation_aa_prevalence_h3n2_ha_12y_fra.pdf, plots/h3n2_ha_12y_fra/egg_mutation_site_prevalence_h3n2_ha_12y_fra.pdf, plots/h3n2_ha_12y_fra/before_after_eggpassaging_h3n2_ha_12y_fra.pdf
    jobid: 8
    wildcards: lineage=h3n2, segment=ha, resolution=12y, assay=fra

[Mon Mar  4 11:43:09 2019]
Finished job 8.
6 of 13 steps (46%) done

[Mon Mar  4 11:43:09 2019]
rule find_egg_mutations:
    input: dataframes/h3n2_ha_12y_hi.csv
    output: plots/h3n2_ha_12y_hi/egg_mutation_aa_prevalence_h3n2_ha_12y_hi.pdf, plots/h3n2_ha_12y_hi/egg_mutation_site_prevalence_h3n2_ha_12y_hi.pdf, plots/h3n2_ha_12y_hi/before_after_eggpassaging_h3n2_ha_12y_hi.pdf
    jobid: 7
    wildcards: lineage=h3n2, segment=ha, resolution=12y, assay=hi

[Mon Mar  4 11:43:15 2019]
Finished job 7.
7 of 13 steps (54%) done

[Mon Mar  4 11:43:15 2019]
rule egg_epistasis:
    input: dataframes/h3n2_ha_12y_hi.csv
    output: plots/h3n2_ha_12y_hi/epistasis_heatmap_h3n2_ha_12y_hi.pdf
    jobid: 11
    wildcards: lineage=h3n2, segment=ha, resolution=12y, assay=hi

[Mon Mar  4 11:43:25 2019]
Finished job 11.
8 of 13 steps (62%) done

[Mon Mar  4 11:43:25 2019]
rule find_egg_mutations:
    input: dataframes/h3n2_ha_6y_fra.csv
    output: plots/h3n2_ha_6y_fra/egg_mutation_aa_prevalence_h3n2_ha_6y_fra.pdf, plots/h3n2_ha_6y_fra/egg_mutation_site_prevalence_h3n2_ha_6y_fra.pdf, plots/h3n2_ha_6y_fra/before_after_eggpassaging_h3n2_ha_6y_fra.pdf
    jobid: 6
    wildcards: lineage=h3n2, segment=ha, resolution=6y, assay=fra

[Mon Mar  4 11:43:30 2019]
Finished job 6.
9 of 13 steps (69%) done

[Mon Mar  4 11:43:30 2019]
rule egg_epistasis:
    input: dataframes/h3n2_ha_6y_fra.csv
    output: plots/h3n2_ha_6y_fra/epistasis_heatmap_h3n2_ha_6y_fra.pdf
    jobid: 10
    wildcards: lineage=h3n2, segment=ha, resolution=6y, assay=fra

[Mon Mar  4 11:43:39 2019]
Finished job 10.
10 of 13 steps (77%) done

[Mon Mar  4 11:43:39 2019]
rule egg_epistasis:
    input: dataframes/h3n2_ha_6y_hi.csv
    output: plots/h3n2_ha_6y_hi/epistasis_heatmap_h3n2_ha_6y_hi.pdf
    jobid: 9
    wildcards: lineage=h3n2, segment=ha, resolution=6y, assay=hi

[Mon Mar  4 11:43:47 2019]
Finished job 9.
11 of 13 steps (85%) done

[Mon Mar  4 11:43:47 2019]
rule find_egg_mutations:
    input: dataframes/h3n2_ha_6y_hi.csv
    output: plots/h3n2_ha_6y_hi/egg_mutation_aa_prevalence_h3n2_ha_6y_hi.pdf, plots/h3n2_ha_6y_hi/egg_mutation_site_prevalence_h3n2_ha_6y_hi.pdf, plots/h3n2_ha_6y_hi/before_after_eggpassaging_h3n2_ha_6y_hi.pdf
    jobid: 5
    wildcards: lineage=h3n2, segment=ha, resolution=6y, assay=hi

[Mon Mar  4 11:43:52 2019]
Finished job 5.
12 of 13 steps (92%) done

[Mon Mar  4 11:43:52 2019]
localrule all_egg_analyses:
    input: dataframes/h3n2_ha_6y_hi.csv, dataframes/h3n2_ha_6y_fra.csv, dataframes/h3n2_ha_12y_hi.csv, dataframes/h3n2_ha_12y_fra.csv, plots/h3n2_ha_6y_hi/egg_mutation_aa_prevalence_h3n2_ha_6y_hi.pdf, plots/h3n2_ha_6y_fra/egg_mutation_aa_prevalence_h3n2_ha_6y_fra.pdf, plots/h3n2_ha_12y_hi/egg_mutation_aa_prevalence_h3n2_ha_12y_hi.pdf, plots/h3n2_ha_12y_fra/egg_mutation_aa_prevalence_h3n2_ha_12y_fra.pdf, plots/h3n2_ha_6y_hi/epistasis_heatmap_h3n2_ha_6y_hi.pdf, plots/h3n2_ha_6y_fra/epistasis_heatmap_h3n2_ha_6y_fra.pdf, plots/h3n2_ha_12y_hi/epistasis_heatmap_h3n2_ha_12y_hi.pdf, plots/h3n2_ha_12y_fra/epistasis_heatmap_h3n2_ha_12y_fra.pdf
    jobid: 0

[Mon Mar  4 11:43:52 2019]
Finished job 0.
13 of 13 steps (100%) done
Complete log: /Users/katekistler/nextstrain/egg-passage/.snakemake/log/2019-03-04T113927.255324.snakemake.log
