Building DAG of jobs...
Using shell: /anaconda2/envs/py3/bin/bash
Provided cores: 1
Rules claiming more threads will be scaled down.
Job counts:
	count	jobs
	1	all
	4	compair_pairs
	5

[Tue Apr 16 09:41:38 2019]
rule compair_pairs:
    input: dataframes/h3n2_ha_12y_fra.csv, results/aa-seq_who_h3n2_ha_12y_concat_fra_HA1.fasta
    output: plots/egg_results/egg_mutation_accuracy_h3n2_ha_12y_fra.json
    jobid: 26
    wildcards: lineage=h3n2, segment=ha, resolution=12y, assay=fra

[Tue Apr 16 09:43:23 2019]
Finished job 26.
1 of 5 steps (20%) done

[Tue Apr 16 09:43:23 2019]
rule compair_pairs:
    input: dataframes/h3n2_ha_12y_hi.csv, results/aa-seq_who_h3n2_ha_12y_concat_hi_HA1.fasta
    output: plots/egg_results/egg_mutation_accuracy_h3n2_ha_12y_hi.json
    jobid: 25
    wildcards: lineage=h3n2, segment=ha, resolution=12y, assay=hi

[Tue Apr 16 09:44:59 2019]
Finished job 25.
2 of 5 steps (40%) done

[Tue Apr 16 09:44:59 2019]
rule compair_pairs:
    input: dataframes/h3n2_ha_6y_fra.csv, results/aa-seq_who_h3n2_ha_6y_concat_fra_HA1.fasta
    output: plots/egg_results/egg_mutation_accuracy_h3n2_ha_6y_fra.json
    jobid: 24
    wildcards: lineage=h3n2, segment=ha, resolution=6y, assay=fra

[Tue Apr 16 09:46:21 2019]
Finished job 24.
3 of 5 steps (60%) done

[Tue Apr 16 09:46:21 2019]
rule compair_pairs:
    input: dataframes/h3n2_ha_6y_hi.csv, results/aa-seq_who_h3n2_ha_6y_concat_hi_HA1.fasta
    output: plots/egg_results/egg_mutation_accuracy_h3n2_ha_6y_hi.json
    jobid: 23
    wildcards: lineage=h3n2, segment=ha, resolution=6y, assay=hi

[Tue Apr 16 09:47:40 2019]
Finished job 23.
4 of 5 steps (80%) done

[Tue Apr 16 09:47:40 2019]
localrule all:
    input: auspice/flu_seasonal_h3n2_ha_6y_hi_tree.json, auspice/flu_seasonal_h3n2_ha_6y_fra_tree.json, auspice/flu_seasonal_h3n2_ha_12y_hi_tree.json, auspice/flu_seasonal_h3n2_ha_12y_fra_tree.json, auspice/flu_seasonal_h3n2_ha_6y_hi_meta.json, auspice/flu_seasonal_h3n2_ha_6y_fra_meta.json, auspice/flu_seasonal_h3n2_ha_12y_hi_meta.json, auspice/flu_seasonal_h3n2_ha_12y_fra_meta.json, auspice/flu_seasonal_h3n2_ha_6y_hi_tip-frequencies.json, auspice/flu_seasonal_h3n2_ha_6y_fra_tip-frequencies.json, auspice/flu_seasonal_h3n2_ha_12y_hi_tip-frequencies.json, auspice/flu_seasonal_h3n2_ha_12y_fra_tip-frequencies.json, dataframes/h3n2_ha_6y_hi.csv, dataframes/h3n2_ha_6y_fra.csv, dataframes/h3n2_ha_12y_hi.csv, dataframes/h3n2_ha_12y_fra.csv, plots/h3n2_ha_6y_hi/egg_mutation_aa_prevalence_h3n2_ha_6y_hi.pdf, plots/h3n2_ha_6y_fra/egg_mutation_aa_prevalence_h3n2_ha_6y_fra.pdf, plots/h3n2_ha_12y_hi/egg_mutation_aa_prevalence_h3n2_ha_12y_hi.pdf, plots/h3n2_ha_12y_fra/egg_mutation_aa_prevalence_h3n2_ha_12y_fra.pdf, plots/h3n2_ha_6y_hi/epistasis_heatmap_h3n2_ha_6y_hi.pdf, plots/h3n2_ha_6y_fra/epistasis_heatmap_h3n2_ha_6y_fra.pdf, plots/h3n2_ha_12y_hi/epistasis_heatmap_h3n2_ha_12y_hi.pdf, plots/h3n2_ha_12y_fra/epistasis_heatmap_h3n2_ha_12y_fra.pdf, plots/h3n2_ha_6y_hi/genetic_background_heatmap_h3n2_ha_6y_hi.pdf, plots/h3n2_ha_6y_fra/genetic_background_heatmap_h3n2_ha_6y_fra.pdf, plots/h3n2_ha_6y_hi/genetic_background_kkclade_heatmap_h3n2_ha_6y_hi.pdf, plots/h3n2_ha_6y_fra/genetic_background_kkclade_heatmap_h3n2_ha_6y_fra.pdf, plots/h3n2_ha_12y_hi/genetic_background_kkclade_heatmap_h3n2_ha_12y_hi.pdf, plots/h3n2_ha_12y_fra/genetic_background_kkclade_heatmap_h3n2_ha_12y_fra.pdf, plots/h3n2_ha_6y_hi/epistasis_chord_diagram_h3n2_ha_6y_hi.pdf, plots/h3n2_ha_6y_fra/epistasis_chord_diagram_h3n2_ha_6y_fra.pdf, plots/h3n2_ha_12y_hi/epistasis_chord_diagram_h3n2_ha_12y_hi.pdf, plots/h3n2_ha_12y_fra/epistasis_chord_diagram_h3n2_ha_12y_fra.pdf, plots/egg_results/egg_mutation_accuracy_h3n2_ha_6y_hi.json, plots/egg_results/egg_mutation_accuracy_h3n2_ha_6y_fra.json, plots/egg_results/egg_mutation_accuracy_h3n2_ha_12y_hi.json, plots/egg_results/egg_mutation_accuracy_h3n2_ha_12y_fra.json
    jobid: 0

[Tue Apr 16 09:47:40 2019]
Finished job 0.
5 of 5 steps (100%) done
Complete log: /Users/katekistler/nextstrain/egg-passage/.snakemake/log/2019-04-16T094136.336430.snakemake.log
