Building DAG of jobs...
Using shell: /anaconda2/envs/py3/bin/bash
Provided cores: 1
Rules claiming more threads will be scaled down.
Job counts:
	count	jobs
	1	align
	1	all_live
	2	ancestral
	2	clades
	2	distances
	2	export
	2	lbi
	6	reconstruct_translations
	2	refine
	2	simplify_auspice_names
	2	tip_frequencies
	2	titers_sub
	2	titers_tree
	2	traits
	2	translate
	2	tree
	34

[Wed Feb 27 21:26:40 2019]
Job 33: Building tree

[Wed Feb 27 21:34:51 2019]
Finished job 33.
1 of 34 steps (3%) done

[Wed Feb 27 21:34:51 2019]
Job 17: 
        Refining tree
          - estimate timetree
          - use const coalescent timescale
          - estimate marginal node dates
          - filter tips more than 4 IQDs from clock expectation
        

[Wed Feb 27 22:02:03 2019]
Finished job 17.
2 of 34 steps (6%) done

[Wed Feb 27 22:02:03 2019]
rule tip_frequencies:
    input: results/tree_cdc_h3n2_ha_12y_cell_hi.nwk, results/metadata_h3n2_ha.tsv, config/frequency_weights_by_region.json
    output: auspice/flu_cdc_h3n2_ha_12y_cell_hi_tip-frequencies.json
    jobid: 6
    wildcards: center=cdc, lineage=h3n2, segment=ha, resolution=12y, passage=cell, assay=hi

[Wed Feb 27 22:02:17 2019]
Finished job 6.
3 of 34 steps (9%) done

[Wed Feb 27 22:02:17 2019]
Job 23: 
        Inferring ancestral traits for region
        

[Wed Feb 27 22:02:34 2019]
Finished job 23.
4 of 34 steps (12%) done

[Wed Feb 27 22:02:34 2019]
Job 18: Reconstructing ancestral sequences and mutations

[Wed Feb 27 22:03:26 2019]
Finished job 18.
5 of 34 steps (15%) done

[Wed Feb 27 22:03:26 2019]
Job 19: Translating amino acid sequences

[Wed Feb 27 22:03:31 2019]
Finished job 19.
6 of 34 steps (18%) done

[Wed Feb 27 22:03:31 2019]
Job 22: Annotating clades

[Wed Feb 27 22:04:16 2019]
Finished job 22.
7 of 34 steps (21%) done

[Wed Feb 27 22:04:16 2019]
Job 27: 
        Aligning sequences to config/reference_h3n2_ha.gb
        

[Wed Feb 27 22:06:38 2019]
Finished job 27.
8 of 34 steps (24%) done

[Wed Feb 27 22:06:38 2019]
Job 26: Building tree

[Wed Feb 27 22:10:41 2019]
Finished job 26.
9 of 34 steps (26%) done

[Wed Feb 27 22:10:41 2019]
Job 7: 
        Refining tree
          - estimate timetree
          - use const coalescent timescale
          - estimate marginal node dates
          - filter tips more than 4 IQDs from clock expectation
        

[Wed Feb 27 22:41:30 2019]
Finished job 7.
10 of 34 steps (29%) done

[Wed Feb 27 22:41:30 2019]
rule tip_frequencies:
    input: results/tree_cdc_h3n2_ha_6y_cell_hi.nwk, results/metadata_h3n2_ha.tsv, config/frequency_weights_by_region.json
    output: auspice/flu_cdc_h3n2_ha_6y_cell_hi_tip-frequencies.json
    jobid: 4
    wildcards: center=cdc, lineage=h3n2, segment=ha, resolution=6y, passage=cell, assay=hi

[Wed Feb 27 22:41:47 2019]
Finished job 4.
11 of 34 steps (32%) done

[Wed Feb 27 22:41:47 2019]
Job 14: 
        Inferring ancestral traits for region
        

[Wed Feb 27 22:42:07 2019]
Finished job 14.
12 of 34 steps (35%) done

[Wed Feb 27 22:42:07 2019]
Job 9: Reconstructing ancestral sequences and mutations

[Wed Feb 27 22:42:48 2019]
Finished job 9.
13 of 34 steps (38%) done

[Wed Feb 27 22:42:48 2019]
Job 10: Translating amino acid sequences

[Wed Feb 27 22:42:53 2019]
Finished job 10.
14 of 34 steps (41%) done

[Wed Feb 27 22:42:53 2019]
Job 13: Annotating clades

[Wed Feb 27 22:43:06 2019]
Finished job 13.
15 of 34 steps (44%) done

[Wed Feb 27 22:43:06 2019]
rule titers_tree:
    input: data/cdc_h3n2_cell_hi_titers.tsv, results/tree_cdc_h3n2_ha_12y_cell_hi.nwk
    output: results/titers-tree-model_cdc_h3n2_ha_12y_cell_hi.json
    jobid: 20
    wildcards: center=cdc, lineage=h3n2, segment=ha, resolution=12y, passage=cell, assay=hi

[Wed Feb 27 22:43:10 2019]
Finished job 20.
16 of 34 steps (47%) done

[Wed Feb 27 22:43:10 2019]
rule titers_tree:
    input: data/cdc_h3n2_cell_hi_titers.tsv, results/tree_cdc_h3n2_ha_6y_cell_hi.nwk
    output: results/titers-tree-model_cdc_h3n2_ha_6y_cell_hi.json
    jobid: 11
    wildcards: center=cdc, lineage=h3n2, segment=ha, resolution=6y, passage=cell, assay=hi

[Wed Feb 27 22:43:14 2019]
Finished job 11.
17 of 34 steps (50%) done

[Wed Feb 27 22:43:14 2019]
Job 24: Calculating LBI

[Wed Feb 27 22:43:17 2019]
Finished job 24.
18 of 34 steps (53%) done

[Wed Feb 27 22:43:17 2019]
Job 15: Calculating LBI

[Wed Feb 27 22:43:19 2019]
Finished job 15.
19 of 34 steps (56%) done

[Wed Feb 27 22:43:19 2019]
Job 36: Reconstructing translations required for titer models and frequencies

[Wed Feb 27 22:43:22 2019]
Finished job 36.
20 of 34 steps (59%) done

[Wed Feb 27 22:43:22 2019]
Job 35: Reconstructing translations required for titer models and frequencies

[Wed Feb 27 22:43:25 2019]
Finished job 35.
21 of 34 steps (62%) done

[Wed Feb 27 22:43:25 2019]
Job 37: Reconstructing translations required for titer models and frequencies

[Wed Feb 27 22:43:27 2019]
Finished job 37.
22 of 34 steps (65%) done

[Wed Feb 27 22:43:27 2019]
rule titers_sub:
    input: data/cdc_h3n2_cell_hi_titers.tsv, results/aa-muts_cdc_h3n2_ha_12y_cell_hi.json, results/aa-seq_cdc_h3n2_ha_12y_cell_hi_SigPep.fasta, results/aa-seq_cdc_h3n2_ha_12y_cell_hi_HA1.fasta, results/aa-seq_cdc_h3n2_ha_12y_cell_hi_HA2.fasta, results/tree_cdc_h3n2_ha_12y_cell_hi.nwk
    output: results/titers-sub-model_cdc_h3n2_ha_12y_cell_hi.json
    jobid: 21
    wildcards: center=cdc, lineage=h3n2, segment=ha, resolution=12y, passage=cell, assay=hi

[Wed Feb 27 22:43:35 2019]
Finished job 21.
23 of 34 steps (68%) done

[Wed Feb 27 22:43:35 2019]
rule distances:
    input: results/tree_cdc_h3n2_ha_12y_cell_hi.nwk, results/aa-seq_cdc_h3n2_ha_12y_cell_hi_SigPep.fasta, results/aa-seq_cdc_h3n2_ha_12y_cell_hi_HA1.fasta, results/aa-seq_cdc_h3n2_ha_12y_cell_hi_HA2.fasta, config/ha_masks.tsv
    output: results/distances_cdc_h3n2_ha_12y_cell_hi.json
    jobid: 25
    wildcards: center=cdc, lineage=h3n2, segment=ha, resolution=12y, passage=cell, assay=hi

[Wed Feb 27 22:43:37 2019]
Finished job 25.
24 of 34 steps (71%) done

[Wed Feb 27 22:43:37 2019]
rule export:
    input: results/tree_cdc_h3n2_ha_12y_cell_hi.nwk, results/metadata_h3n2_ha.tsv, config/auspice_config_h3n2.json, results/branch-lengths_cdc_h3n2_ha_12y_cell_hi.json, results/nt-muts_cdc_h3n2_ha_12y_cell_hi.json, results/aa-muts_cdc_h3n2_ha_12y_cell_hi.json, results/titers-tree-model_cdc_h3n2_ha_12y_cell_hi.json, results/titers-sub-model_cdc_h3n2_ha_12y_cell_hi.json, results/clades_cdc_h3n2_ha_12y_cell_hi.json, results/traits_cdc_h3n2_ha_12y_cell_hi.json, results/lbi_cdc_h3n2_ha_12y_cell_hi.json, results/distances_cdc_h3n2_ha_12y_cell_hi.json
    output: auspice/flu_cdc_h3n2_ha_12y_cell_hi_tree.json, auspice/flu_cdc_h3n2_ha_12y_cell_hi_meta.json, auspice/flu_cdc_h3n2_ha_12y_cell_hi_root-sequence.json
    jobid: 5
    wildcards: center=cdc, lineage=h3n2, segment=ha, resolution=12y, passage=cell, assay=hi

[Wed Feb 27 22:44:01 2019]
Finished job 5.
25 of 34 steps (74%) done

[Wed Feb 27 22:44:01 2019]
rule simplify_auspice_names:
    input: auspice/flu_cdc_h3n2_ha_12y_cell_hi_tree.json, auspice/flu_cdc_h3n2_ha_12y_cell_hi_meta.json, auspice/flu_cdc_h3n2_ha_12y_cell_hi_root-sequence.json, auspice/flu_cdc_h3n2_ha_12y_cell_hi_tip-frequencies.json
    output: auspice/flu_seasonal_h3n2_ha_12y_tree.json, auspice/flu_seasonal_h3n2_ha_12y_meta.json, auspice/flu_seasonal_h3n2_ha_12y_root-sequence.json, auspice/flu_seasonal_h3n2_ha_12y_tip-frequencies.json
    jobid: 2
    wildcards: lineage=h3n2, segment=ha, resolution=12y

Waiting at most 5 seconds for missing files.
[Wed Feb 27 22:44:02 2019]
Finished job 2.
26 of 34 steps (76%) done

[Wed Feb 27 22:44:02 2019]
Job 31: Reconstructing translations required for titer models and frequencies

[Wed Feb 27 22:44:04 2019]
Finished job 31.
27 of 34 steps (79%) done

[Wed Feb 27 22:44:04 2019]
Job 30: Reconstructing translations required for titer models and frequencies

[Wed Feb 27 22:44:07 2019]
Finished job 30.
28 of 34 steps (82%) done

[Wed Feb 27 22:44:07 2019]
Job 32: Reconstructing translations required for titer models and frequencies

[Wed Feb 27 22:44:09 2019]
Finished job 32.
29 of 34 steps (85%) done

[Wed Feb 27 22:44:09 2019]
rule titers_sub:
    input: data/cdc_h3n2_cell_hi_titers.tsv, results/aa-muts_cdc_h3n2_ha_6y_cell_hi.json, results/aa-seq_cdc_h3n2_ha_6y_cell_hi_SigPep.fasta, results/aa-seq_cdc_h3n2_ha_6y_cell_hi_HA1.fasta, results/aa-seq_cdc_h3n2_ha_6y_cell_hi_HA2.fasta, results/tree_cdc_h3n2_ha_6y_cell_hi.nwk
    output: results/titers-sub-model_cdc_h3n2_ha_6y_cell_hi.json
    jobid: 12
    wildcards: center=cdc, lineage=h3n2, segment=ha, resolution=6y, passage=cell, assay=hi

[Wed Feb 27 22:44:14 2019]
Finished job 12.
30 of 34 steps (88%) done

[Wed Feb 27 22:44:14 2019]
rule distances:
    input: results/tree_cdc_h3n2_ha_6y_cell_hi.nwk, results/aa-seq_cdc_h3n2_ha_6y_cell_hi_SigPep.fasta, results/aa-seq_cdc_h3n2_ha_6y_cell_hi_HA1.fasta, results/aa-seq_cdc_h3n2_ha_6y_cell_hi_HA2.fasta, config/ha_masks.tsv
    output: results/distances_cdc_h3n2_ha_6y_cell_hi.json
    jobid: 16
    wildcards: center=cdc, lineage=h3n2, segment=ha, resolution=6y, passage=cell, assay=hi

[Wed Feb 27 22:44:16 2019]
Finished job 16.
31 of 34 steps (91%) done

[Wed Feb 27 22:44:16 2019]
rule export:
    input: results/tree_cdc_h3n2_ha_6y_cell_hi.nwk, results/metadata_h3n2_ha.tsv, config/auspice_config_h3n2.json, results/branch-lengths_cdc_h3n2_ha_6y_cell_hi.json, results/nt-muts_cdc_h3n2_ha_6y_cell_hi.json, results/aa-muts_cdc_h3n2_ha_6y_cell_hi.json, results/titers-tree-model_cdc_h3n2_ha_6y_cell_hi.json, results/titers-sub-model_cdc_h3n2_ha_6y_cell_hi.json, results/clades_cdc_h3n2_ha_6y_cell_hi.json, results/traits_cdc_h3n2_ha_6y_cell_hi.json, results/lbi_cdc_h3n2_ha_6y_cell_hi.json, results/distances_cdc_h3n2_ha_6y_cell_hi.json
    output: auspice/flu_cdc_h3n2_ha_6y_cell_hi_tree.json, auspice/flu_cdc_h3n2_ha_6y_cell_hi_meta.json, auspice/flu_cdc_h3n2_ha_6y_cell_hi_root-sequence.json
    jobid: 3
    wildcards: center=cdc, lineage=h3n2, segment=ha, resolution=6y, passage=cell, assay=hi

[Wed Feb 27 22:44:32 2019]
Finished job 3.
32 of 34 steps (94%) done

[Wed Feb 27 22:44:32 2019]
rule simplify_auspice_names:
    input: auspice/flu_cdc_h3n2_ha_6y_cell_hi_tree.json, auspice/flu_cdc_h3n2_ha_6y_cell_hi_meta.json, auspice/flu_cdc_h3n2_ha_6y_cell_hi_root-sequence.json, auspice/flu_cdc_h3n2_ha_6y_cell_hi_tip-frequencies.json
    output: auspice/flu_seasonal_h3n2_ha_6y_tree.json, auspice/flu_seasonal_h3n2_ha_6y_meta.json, auspice/flu_seasonal_h3n2_ha_6y_root-sequence.json, auspice/flu_seasonal_h3n2_ha_6y_tip-frequencies.json
    jobid: 1
    wildcards: lineage=h3n2, segment=ha, resolution=6y

Waiting at most 5 seconds for missing files.
[Wed Feb 27 22:44:33 2019]
Finished job 1.
33 of 34 steps (97%) done

[Wed Feb 27 22:44:33 2019]
localrule all_live:
    input: auspice/flu_seasonal_h3n2_ha_6y_tree.json, auspice/flu_seasonal_h3n2_ha_12y_tree.json, auspice/flu_seasonal_h3n2_ha_6y_meta.json, auspice/flu_seasonal_h3n2_ha_12y_meta.json, auspice/flu_seasonal_h3n2_ha_6y_tip-frequencies.json, auspice/flu_seasonal_h3n2_ha_12y_tip-frequencies.json
    jobid: 0

[Wed Feb 27 22:44:33 2019]
Finished job 0.
34 of 34 steps (100%) done
Complete log: /Users/katekistler/nextstrain/egg-passage/.snakemake/log/2019-02-27T212638.440912.snakemake.log
