Building DAG of jobs...
Using shell: /anaconda2/envs/py3/bin/bash
Provided cores: 1
Rules claiming more threads will be scaled down.
Job counts:
	count	jobs
	1	all_egg_analyses
	3	compair_pairs
	4

[Tue Mar  5 09:57:55 2019]
rule compair_pairs:
    input: dataframes/h3n2_ha_12y_fra.csv
    output: results/egg_mutation_accuracy_h3n2_ha_12y_fra.json
    jobid: 16
    wildcards: lineage=h3n2, segment=ha, resolution=12y, assay=fra

[Tue Mar  5 09:57:56 2019]
Finished job 16.
1 of 4 steps (25%) done

[Tue Mar  5 09:57:56 2019]
rule compair_pairs:
    input: dataframes/h3n2_ha_6y_fra.csv
    output: results/egg_mutation_accuracy_h3n2_ha_6y_fra.json
    jobid: 14
    wildcards: lineage=h3n2, segment=ha, resolution=6y, assay=fra

[Tue Mar  5 09:57:57 2019]
Finished job 14.
2 of 4 steps (50%) done

[Tue Mar  5 09:57:57 2019]
rule compair_pairs:
    input: dataframes/h3n2_ha_6y_hi.csv
    output: results/egg_mutation_accuracy_h3n2_ha_6y_hi.json
    jobid: 13
    wildcards: lineage=h3n2, segment=ha, resolution=6y, assay=hi

[Tue Mar  5 09:57:57 2019]
Finished job 13.
3 of 4 steps (75%) done

[Tue Mar  5 09:57:57 2019]
localrule all_egg_analyses:
    input: dataframes/h3n2_ha_6y_hi.csv, dataframes/h3n2_ha_6y_fra.csv, dataframes/h3n2_ha_12y_hi.csv, dataframes/h3n2_ha_12y_fra.csv, plots/h3n2_ha_6y_hi/egg_mutation_aa_prevalence_h3n2_ha_6y_hi.pdf, plots/h3n2_ha_6y_fra/egg_mutation_aa_prevalence_h3n2_ha_6y_fra.pdf, plots/h3n2_ha_12y_hi/egg_mutation_aa_prevalence_h3n2_ha_12y_hi.pdf, plots/h3n2_ha_12y_fra/egg_mutation_aa_prevalence_h3n2_ha_12y_fra.pdf, plots/h3n2_ha_6y_hi/epistasis_heatmap_h3n2_ha_6y_hi.pdf, plots/h3n2_ha_6y_fra/epistasis_heatmap_h3n2_ha_6y_fra.pdf, plots/h3n2_ha_12y_hi/epistasis_heatmap_h3n2_ha_12y_hi.pdf, plots/h3n2_ha_12y_fra/epistasis_heatmap_h3n2_ha_12y_fra.pdf, results/egg_mutation_accuracy_h3n2_ha_6y_hi.json, results/egg_mutation_accuracy_h3n2_ha_6y_fra.json, results/egg_mutation_accuracy_h3n2_ha_12y_hi.json, results/egg_mutation_accuracy_h3n2_ha_12y_fra.json
    jobid: 0

[Tue Mar  5 09:57:57 2019]
Finished job 0.
4 of 4 steps (100%) done
Complete log: /Users/katekistler/nextstrain/egg-passage/.snakemake/log/2019-03-05T095754.002239.snakemake.log
