Building DAG of jobs...
Using shell: /anaconda2/envs/py3/bin/bash
Provided cores: 1
Rules claiming more threads will be scaled down.
Job counts:
	count	jobs
	1	all
	2	plot_titer_diffs
	3

[Wed Apr 24 12:18:42 2019]
rule plot_titer_diffs:
    input: dataframes/h3n2_ha_12y_hi.csv
    output: plots/h3n2_ha_12y_hi/titer_diffs_h3n2_ha_12y.pdf
    jobid: 2
    wildcards: lineage=h3n2, segment=ha, resolution=12y

[Wed Apr 24 12:18:47 2019]
Finished job 2.
1 of 3 steps (33%) done

[Wed Apr 24 12:18:47 2019]
rule plot_titer_diffs:
    input: dataframes/h3n2_ha_6y_hi.csv
    output: plots/h3n2_ha_6y_hi/titer_diffs_h3n2_ha_6y.pdf
    jobid: 1
    wildcards: lineage=h3n2, segment=ha, resolution=6y

[Wed Apr 24 12:18:52 2019]
Finished job 1.
2 of 3 steps (67%) done

[Wed Apr 24 12:18:52 2019]
localrule all:
    input: plots/h3n2_ha_6y_hi/titer_diffs_h3n2_ha_6y.pdf, plots/h3n2_ha_12y_hi/titer_diffs_h3n2_ha_12y.pdf
    jobid: 0

[Wed Apr 24 12:18:52 2019]
Finished job 0.
3 of 3 steps (100%) done
Complete log: /Users/katekistler/nextstrain/egg-passage/.snakemake/log/2019-04-24T121840.308435.snakemake.log
