Building DAG of jobs...
Using shell: /anaconda2/envs/py3/bin/bash
Provided cores: 1
Rules claiming more threads will be scaled down.
Job counts:
	count	jobs
	4	align
	1	all_live
	4	ancestral
	4	clades
	4	distances
	4	export
	4	extract
	1	filter
	4	lbi
	1	parse
	12	reconstruct_translations
	4	refine
	4	select_strains
	4	simplify_auspice_names
	4	tip_frequencies
	4	titers_sub
	4	titers_tree
	4	traits
	4	translate
	4	tree
	79

[Thu Feb 28 11:58:19 2019]
Job 14: Parsing fasta into sequences and metadata

[Thu Feb 28 11:58:27 2019]
Finished job 14.
1 of 79 steps (1%) done

[Thu Feb 28 11:58:27 2019]
Job 81: 
        Filtering h3n2 ha concat sequences:
          - less than 900 bases
          - outliers
          - samples with missing region and country metadata
          - samples that are egg-passaged if cell build
        

[Thu Feb 28 11:59:58 2019]
Finished job 81.
2 of 79 steps (3%) done

[Thu Feb 28 11:59:58 2019]
rule select_strains:
    input: results/filtered_h3n2_ha_concat.fasta, results/metadata_h3n2_ha.tsv, data/who_h3n2_concat_hi_titers.tsv, config/forceinclude_h3n2.txt
    output: results/strains_who_h3n2_12y_concat_hi.txt
    jobid: 84
    wildcards: center=who, lineage=h3n2, resolution=12y, passage=concat, assay=hi

[Thu Feb 28 12:00:13 2019]
Finished job 84.
3 of 79 steps (4%) done

[Thu Feb 28 12:00:13 2019]
rule select_strains:
    input: results/filtered_h3n2_ha_concat.fasta, results/metadata_h3n2_ha.tsv, data/who_h3n2_concat_hi_titers.tsv, config/forceinclude_h3n2.txt
    output: results/strains_who_h3n2_6y_concat_hi.txt
    jobid: 82
    wildcards: center=who, lineage=h3n2, resolution=6y, passage=concat, assay=hi

[Thu Feb 28 12:00:28 2019]
Finished job 82.
4 of 79 steps (5%) done

[Thu Feb 28 12:00:28 2019]
rule select_strains:
    input: results/filtered_h3n2_ha_concat.fasta, results/metadata_h3n2_ha.tsv, data/who_h3n2_concat_fra_titers.tsv, config/forceinclude_h3n2.txt
    output: results/strains_who_h3n2_6y_concat_fra.txt
    jobid: 83
    wildcards: center=who, lineage=h3n2, resolution=6y, passage=concat, assay=fra

[Thu Feb 28 12:00:45 2019]
Finished job 83.
5 of 79 steps (6%) done

[Thu Feb 28 12:00:45 2019]
rule select_strains:
    input: results/filtered_h3n2_ha_concat.fasta, results/metadata_h3n2_ha.tsv, data/who_h3n2_concat_fra_titers.tsv, config/forceinclude_h3n2.txt
    output: results/strains_who_h3n2_12y_concat_fra.txt
    jobid: 85
    wildcards: center=who, lineage=h3n2, resolution=12y, passage=concat, assay=fra

[Thu Feb 28 12:01:00 2019]
Finished job 85.
6 of 79 steps (8%) done

[Thu Feb 28 12:01:00 2019]
rule extract:
    input: results/filtered_h3n2_ha_concat.fasta, results/strains_who_h3n2_12y_concat_fra.txt
    output: results/extracted_who_h3n2_ha_12y_concat_fra.fasta
    jobid: 80
    wildcards: center=who, lineage=h3n2, segment=ha, resolution=12y, passage=concat, assay=fra

[Thu Feb 28 12:01:02 2019]
Finished job 80.
7 of 79 steps (9%) done

[Thu Feb 28 12:01:02 2019]
rule extract:
    input: results/filtered_h3n2_ha_concat.fasta, results/strains_who_h3n2_12y_concat_hi.txt
    output: results/extracted_who_h3n2_ha_12y_concat_hi.fasta
    jobid: 79
    wildcards: center=who, lineage=h3n2, segment=ha, resolution=12y, passage=concat, assay=hi

[Thu Feb 28 12:01:04 2019]
Finished job 79.
8 of 79 steps (10%) done

[Thu Feb 28 12:01:04 2019]
rule extract:
    input: results/filtered_h3n2_ha_concat.fasta, results/strains_who_h3n2_6y_concat_fra.txt
    output: results/extracted_who_h3n2_ha_6y_concat_fra.fasta
    jobid: 76
    wildcards: center=who, lineage=h3n2, segment=ha, resolution=6y, passage=concat, assay=fra

[Thu Feb 28 12:01:06 2019]
Finished job 76.
9 of 79 steps (11%) done

[Thu Feb 28 12:01:06 2019]
rule extract:
    input: results/filtered_h3n2_ha_concat.fasta, results/strains_who_h3n2_6y_concat_hi.txt
    output: results/extracted_who_h3n2_ha_6y_concat_hi.fasta
    jobid: 73
    wildcards: center=who, lineage=h3n2, segment=ha, resolution=6y, passage=concat, assay=hi

[Thu Feb 28 12:01:09 2019]
Finished job 73.
10 of 79 steps (13%) done

[Thu Feb 28 12:01:09 2019]
Job 69: 
        Aligning sequences to config/reference_h3n2_ha.gb
        

[Thu Feb 28 12:04:23 2019]
Finished job 69.
11 of 79 steps (14%) done

[Thu Feb 28 12:04:23 2019]
Job 68: Building tree

[Thu Feb 28 12:11:45 2019]
Finished job 68.
12 of 79 steps (15%) done

[Thu Feb 28 12:11:45 2019]
Job 41: 
        Refining tree
          - estimate timetree
          - use const coalescent timescale
          - estimate marginal node dates
          - filter tips more than 4 IQDs from clock expectation
        

[Thu Feb 28 12:51:11 2019]
Finished job 41.
13 of 79 steps (16%) done

[Thu Feb 28 12:51:11 2019]
rule tip_frequencies:
    input: results/tree_who_h3n2_ha_12y_concat_fra.nwk, results/metadata_h3n2_ha.tsv, config/frequency_weights_by_region.json
    output: auspice/flu_who_h3n2_ha_12y_concat_fra_tip-frequencies.json
    jobid: 12
    wildcards: center=who, lineage=h3n2, segment=ha, resolution=12y, passage=concat, assay=fra

[Thu Feb 28 12:51:33 2019]
Finished job 12.
14 of 79 steps (18%) done

[Thu Feb 28 12:51:33 2019]
Job 47: 
        Inferring ancestral traits for region
        

[Thu Feb 28 12:52:02 2019]
Finished job 47.
15 of 79 steps (19%) done

[Thu Feb 28 12:52:02 2019]
rule titers_tree:
    input: data/who_h3n2_concat_fra_titers.tsv, results/tree_who_h3n2_ha_12y_concat_fra.nwk
    output: results/titers-tree-model_who_h3n2_ha_12y_concat_fra.json
    jobid: 44
    wildcards: center=who, lineage=h3n2, segment=ha, resolution=12y, passage=concat, assay=fra

[Thu Feb 28 12:52:11 2019]
Finished job 44.
16 of 79 steps (20%) done

[Thu Feb 28 12:52:11 2019]
Job 42: Reconstructing ancestral sequences and mutations

[Thu Feb 28 12:53:22 2019]
Finished job 42.
17 of 79 steps (22%) done

[Thu Feb 28 12:53:22 2019]
Job 43: Translating amino acid sequences

[Thu Feb 28 12:53:30 2019]
Finished job 43.
18 of 79 steps (23%) done

[Thu Feb 28 12:53:30 2019]
Job 46: Annotating clades

[Thu Feb 28 12:54:19 2019]
Finished job 46.
19 of 79 steps (24%) done

[Thu Feb 28 12:54:19 2019]
Job 64: 
        Aligning sequences to config/reference_h3n2_ha.gb
        

[Thu Feb 28 12:57:59 2019]
Finished job 64.
20 of 79 steps (25%) done

[Thu Feb 28 12:57:59 2019]
Job 63: Building tree

[Thu Feb 28 13:13:22 2019]
Finished job 63.
21 of 79 steps (27%) done

[Thu Feb 28 13:13:22 2019]
Job 32: 
        Refining tree
          - estimate timetree
          - use const coalescent timescale
          - estimate marginal node dates
          - filter tips more than 4 IQDs from clock expectation
        

[Thu Feb 28 13:46:38 2019]
Finished job 32.
22 of 79 steps (28%) done

[Thu Feb 28 13:46:38 2019]
rule titers_tree:
    input: data/who_h3n2_concat_hi_titers.tsv, results/tree_who_h3n2_ha_12y_concat_hi.nwk
    output: results/titers-tree-model_who_h3n2_ha_12y_concat_hi.json
    jobid: 35
    wildcards: center=who, lineage=h3n2, segment=ha, resolution=12y, passage=concat, assay=hi

[Thu Feb 28 13:46:48 2019]
Finished job 35.
23 of 79 steps (29%) done

[Thu Feb 28 13:46:48 2019]
rule tip_frequencies:
    input: results/tree_who_h3n2_ha_12y_concat_hi.nwk, results/metadata_h3n2_ha.tsv, config/frequency_weights_by_region.json
    output: auspice/flu_who_h3n2_ha_12y_concat_hi_tip-frequencies.json
    jobid: 10
    wildcards: center=who, lineage=h3n2, segment=ha, resolution=12y, passage=concat, assay=hi

[Thu Feb 28 13:47:02 2019]
Finished job 10.
24 of 79 steps (30%) done

[Thu Feb 28 13:47:02 2019]
Job 38: 
        Inferring ancestral traits for region
        

[Thu Feb 28 13:47:20 2019]
Finished job 38.
25 of 79 steps (32%) done

[Thu Feb 28 13:47:20 2019]
Job 33: Reconstructing ancestral sequences and mutations

[Thu Feb 28 13:48:12 2019]
Finished job 33.
26 of 79 steps (33%) done

[Thu Feb 28 13:48:12 2019]
Job 34: Translating amino acid sequences

[Thu Feb 28 13:48:18 2019]
Finished job 34.
27 of 79 steps (34%) done

[Thu Feb 28 13:48:18 2019]
Job 37: Annotating clades

[Thu Feb 28 13:49:30 2019]
Finished job 37.
28 of 79 steps (35%) done

[Thu Feb 28 13:49:30 2019]
Job 58: 
        Aligning sequences to config/reference_h3n2_ha.gb
        

[Thu Feb 28 13:52:08 2019]
Finished job 58.
29 of 79 steps (37%) done

[Thu Feb 28 13:52:08 2019]
Job 57: Building tree

[Thu Feb 28 13:57:55 2019]
Finished job 57.
30 of 79 steps (38%) done

[Thu Feb 28 13:57:55 2019]
Job 23: 
        Refining tree
          - estimate timetree
          - use const coalescent timescale
          - estimate marginal node dates
          - filter tips more than 4 IQDs from clock expectation
        

[Thu Feb 28 15:23:26 2019]
Finished job 23.
31 of 79 steps (39%) done

[Thu Feb 28 15:23:26 2019]
rule tip_frequencies:
    input: results/tree_who_h3n2_ha_6y_concat_fra.nwk, results/metadata_h3n2_ha.tsv, config/frequency_weights_by_region.json
    output: auspice/flu_who_h3n2_ha_6y_concat_fra_tip-frequencies.json
    jobid: 8
    wildcards: center=who, lineage=h3n2, segment=ha, resolution=6y, passage=concat, assay=fra

[Thu Feb 28 15:24:11 2019]
Finished job 8.
32 of 79 steps (41%) done

[Thu Feb 28 15:24:11 2019]
Job 29: 
        Inferring ancestral traits for region
        

[Thu Feb 28 15:24:31 2019]
Finished job 29.
33 of 79 steps (42%) done

[Thu Feb 28 15:24:31 2019]
rule titers_tree:
    input: data/who_h3n2_concat_fra_titers.tsv, results/tree_who_h3n2_ha_6y_concat_fra.nwk
    output: results/titers-tree-model_who_h3n2_ha_6y_concat_fra.json
    jobid: 26
    wildcards: center=who, lineage=h3n2, segment=ha, resolution=6y, passage=concat, assay=fra

[Thu Feb 28 15:28:39 2019]
Finished job 26.
34 of 79 steps (43%) done

[Thu Feb 28 15:28:39 2019]
Job 24: Reconstructing ancestral sequences and mutations

[Thu Feb 28 15:36:00 2019]
Finished job 24.
35 of 79 steps (44%) done

[Thu Feb 28 15:36:00 2019]
Job 25: Translating amino acid sequences

[Thu Feb 28 15:36:07 2019]
Finished job 25.
36 of 79 steps (46%) done

[Thu Feb 28 15:36:07 2019]
Job 28: Annotating clades

[Thu Feb 28 15:53:56 2019]
Finished job 28.
37 of 79 steps (47%) done

[Thu Feb 28 15:53:56 2019]
Job 51: 
        Aligning sequences to config/reference_h3n2_ha.gb
        

[Thu Feb 28 16:36:19 2019]
Finished job 51.
38 of 79 steps (48%) done

[Thu Feb 28 16:36:19 2019]
Job 50: Building tree

[Thu Feb 28 17:33:20 2019]
Finished job 50.
39 of 79 steps (49%) done

[Thu Feb 28 17:33:20 2019]
Job 13: 
        Refining tree
          - estimate timetree
          - use const coalescent timescale
          - estimate marginal node dates
          - filter tips more than 4 IQDs from clock expectation
        

[Thu Feb 28 19:05:14 2019]
Finished job 13.
40 of 79 steps (51%) done

[Thu Feb 28 19:05:14 2019]
rule titers_tree:
    input: data/who_h3n2_concat_hi_titers.tsv, results/tree_who_h3n2_ha_6y_concat_hi.nwk
    output: results/titers-tree-model_who_h3n2_ha_6y_concat_hi.json
    jobid: 17
    wildcards: center=who, lineage=h3n2, segment=ha, resolution=6y, passage=concat, assay=hi

[Thu Feb 28 19:05:25 2019]
Finished job 17.
41 of 79 steps (52%) done

[Thu Feb 28 19:05:25 2019]
rule tip_frequencies:
    input: results/tree_who_h3n2_ha_6y_concat_hi.nwk, results/metadata_h3n2_ha.tsv, config/frequency_weights_by_region.json
    output: auspice/flu_who_h3n2_ha_6y_concat_hi_tip-frequencies.json
    jobid: 6
    wildcards: center=who, lineage=h3n2, segment=ha, resolution=6y, passage=concat, assay=hi

[Thu Feb 28 19:05:41 2019]
Finished job 6.
42 of 79 steps (53%) done

[Thu Feb 28 19:05:41 2019]
Job 20: 
        Inferring ancestral traits for region
        

[Thu Feb 28 19:05:58 2019]
Finished job 20.
43 of 79 steps (54%) done

[Thu Feb 28 19:05:58 2019]
Job 15: Reconstructing ancestral sequences and mutations

[Thu Feb 28 19:06:38 2019]
Finished job 15.
44 of 79 steps (56%) done

[Thu Feb 28 19:06:38 2019]
Job 16: Translating amino acid sequences

[Thu Feb 28 19:06:44 2019]
Finished job 16.
45 of 79 steps (57%) done

[Thu Feb 28 19:06:44 2019]
Job 19: Annotating clades

[Thu Feb 28 19:07:14 2019]
Finished job 19.
46 of 79 steps (58%) done

[Thu Feb 28 19:07:14 2019]
Job 48: Calculating LBI

[Thu Feb 28 19:07:17 2019]
Finished job 48.
47 of 79 steps (59%) done

[Thu Feb 28 19:07:17 2019]
Job 39: Calculating LBI

[Thu Feb 28 19:07:21 2019]
Finished job 39.
48 of 79 steps (61%) done

[Thu Feb 28 19:07:21 2019]
Job 30: Calculating LBI

[Thu Feb 28 19:07:24 2019]
Finished job 30.
49 of 79 steps (62%) done

[Thu Feb 28 19:07:24 2019]
Job 21: Calculating LBI

[Thu Feb 28 19:07:27 2019]
Finished job 21.
50 of 79 steps (63%) done

[Thu Feb 28 19:07:27 2019]
Job 70: Reconstructing translations required for titer models and frequencies

[Thu Feb 28 19:07:30 2019]
Finished job 70.
51 of 79 steps (65%) done

[Thu Feb 28 19:07:30 2019]
Job 71: Reconstructing translations required for titer models and frequencies

[Thu Feb 28 19:07:33 2019]
Finished job 71.
52 of 79 steps (66%) done

[Thu Feb 28 19:07:33 2019]
Job 72: Reconstructing translations required for titer models and frequencies

[Thu Feb 28 19:07:36 2019]
Finished job 72.
53 of 79 steps (67%) done

[Thu Feb 28 19:07:36 2019]
rule titers_sub:
    input: data/who_h3n2_concat_fra_titers.tsv, results/aa-muts_who_h3n2_ha_12y_concat_fra.json, results/aa-seq_who_h3n2_ha_12y_concat_fra_SigPep.fasta, results/aa-seq_who_h3n2_ha_12y_concat_fra_HA1.fasta, results/aa-seq_who_h3n2_ha_12y_concat_fra_HA2.fasta, results/tree_who_h3n2_ha_12y_concat_fra.nwk
    output: results/titers-sub-model_who_h3n2_ha_12y_concat_fra.json
    jobid: 45
    wildcards: center=who, lineage=h3n2, segment=ha, resolution=12y, passage=concat, assay=fra

[Thu Feb 28 19:07:44 2019]
Finished job 45.
54 of 79 steps (68%) done

[Thu Feb 28 19:07:44 2019]
rule distances:
    input: results/tree_who_h3n2_ha_12y_concat_fra.nwk, results/aa-seq_who_h3n2_ha_12y_concat_fra_SigPep.fasta, results/aa-seq_who_h3n2_ha_12y_concat_fra_HA1.fasta, results/aa-seq_who_h3n2_ha_12y_concat_fra_HA2.fasta, config/ha_masks.tsv
    output: results/distances_who_h3n2_ha_12y_concat_fra.json
    jobid: 49
    wildcards: center=who, lineage=h3n2, segment=ha, resolution=12y, passage=concat, assay=fra

[Thu Feb 28 19:07:48 2019]
Finished job 49.
55 of 79 steps (70%) done

[Thu Feb 28 19:07:48 2019]
rule export:
    input: results/tree_who_h3n2_ha_12y_concat_fra.nwk, results/metadata_h3n2_ha.tsv, config/auspice_config_h3n2.json, results/branch-lengths_who_h3n2_ha_12y_concat_fra.json, results/nt-muts_who_h3n2_ha_12y_concat_fra.json, results/aa-muts_who_h3n2_ha_12y_concat_fra.json, results/titers-tree-model_who_h3n2_ha_12y_concat_fra.json, results/titers-sub-model_who_h3n2_ha_12y_concat_fra.json, results/clades_who_h3n2_ha_12y_concat_fra.json, results/traits_who_h3n2_ha_12y_concat_fra.json, results/lbi_who_h3n2_ha_12y_concat_fra.json, results/distances_who_h3n2_ha_12y_concat_fra.json
    output: auspice/flu_who_h3n2_ha_12y_concat_fra_tree.json, auspice/flu_who_h3n2_ha_12y_concat_fra_meta.json, auspice/flu_who_h3n2_ha_12y_concat_fra_root-sequence.json
    jobid: 11
    wildcards: center=who, lineage=h3n2, segment=ha, resolution=12y, passage=concat, assay=fra

[Thu Feb 28 19:08:12 2019]
Finished job 11.
56 of 79 steps (71%) done

[Thu Feb 28 19:08:12 2019]
rule simplify_auspice_names:
    input: auspice/flu_who_h3n2_ha_12y_concat_fra_tree.json, auspice/flu_who_h3n2_ha_12y_concat_fra_meta.json, auspice/flu_who_h3n2_ha_12y_concat_fra_root-sequence.json, auspice/flu_who_h3n2_ha_12y_concat_fra_tip-frequencies.json
    output: auspice/flu_seasonal_h3n2_ha_12y_fra_tree.json, auspice/flu_seasonal_h3n2_ha_12y_fra_meta.json, auspice/flu_seasonal_h3n2_ha_12y_fra_root-sequence.json, auspice/flu_seasonal_h3n2_ha_12y_fra_tip-frequencies.json
    jobid: 4
    wildcards: lineage=h3n2, segment=ha, resolution=12y, assay=fra

Waiting at most 5 seconds for missing files.
[Thu Feb 28 19:08:13 2019]
Finished job 4.
57 of 79 steps (72%) done

[Thu Feb 28 19:08:13 2019]
Job 66: Reconstructing translations required for titer models and frequencies

[Thu Feb 28 19:08:16 2019]
Finished job 66.
58 of 79 steps (73%) done

[Thu Feb 28 19:08:16 2019]
Job 65: Reconstructing translations required for titer models and frequencies

[Thu Feb 28 19:08:19 2019]
Finished job 65.
59 of 79 steps (75%) done

[Thu Feb 28 19:08:19 2019]
Job 67: Reconstructing translations required for titer models and frequencies

[Thu Feb 28 19:08:21 2019]
Finished job 67.
60 of 79 steps (76%) done

[Thu Feb 28 19:08:22 2019]
rule titers_sub:
    input: data/who_h3n2_concat_hi_titers.tsv, results/aa-muts_who_h3n2_ha_12y_concat_hi.json, results/aa-seq_who_h3n2_ha_12y_concat_hi_SigPep.fasta, results/aa-seq_who_h3n2_ha_12y_concat_hi_HA1.fasta, results/aa-seq_who_h3n2_ha_12y_concat_hi_HA2.fasta, results/tree_who_h3n2_ha_12y_concat_hi.nwk
    output: results/titers-sub-model_who_h3n2_ha_12y_concat_hi.json
    jobid: 36
    wildcards: center=who, lineage=h3n2, segment=ha, resolution=12y, passage=concat, assay=hi

[Thu Feb 28 19:08:46 2019]
Finished job 36.
61 of 79 steps (77%) done

[Thu Feb 28 19:08:46 2019]
rule distances:
    input: results/tree_who_h3n2_ha_12y_concat_hi.nwk, results/aa-seq_who_h3n2_ha_12y_concat_hi_SigPep.fasta, results/aa-seq_who_h3n2_ha_12y_concat_hi_HA1.fasta, results/aa-seq_who_h3n2_ha_12y_concat_hi_HA2.fasta, config/ha_masks.tsv
    output: results/distances_who_h3n2_ha_12y_concat_hi.json
    jobid: 40
    wildcards: center=who, lineage=h3n2, segment=ha, resolution=12y, passage=concat, assay=hi

[Thu Feb 28 19:08:50 2019]
Finished job 40.
62 of 79 steps (78%) done

[Thu Feb 28 19:08:50 2019]
rule export:
    input: results/tree_who_h3n2_ha_12y_concat_hi.nwk, results/metadata_h3n2_ha.tsv, config/auspice_config_h3n2.json, results/branch-lengths_who_h3n2_ha_12y_concat_hi.json, results/nt-muts_who_h3n2_ha_12y_concat_hi.json, results/aa-muts_who_h3n2_ha_12y_concat_hi.json, results/titers-tree-model_who_h3n2_ha_12y_concat_hi.json, results/titers-sub-model_who_h3n2_ha_12y_concat_hi.json, results/clades_who_h3n2_ha_12y_concat_hi.json, results/traits_who_h3n2_ha_12y_concat_hi.json, results/lbi_who_h3n2_ha_12y_concat_hi.json, results/distances_who_h3n2_ha_12y_concat_hi.json
    output: auspice/flu_who_h3n2_ha_12y_concat_hi_tree.json, auspice/flu_who_h3n2_ha_12y_concat_hi_meta.json, auspice/flu_who_h3n2_ha_12y_concat_hi_root-sequence.json
    jobid: 9
    wildcards: center=who, lineage=h3n2, segment=ha, resolution=12y, passage=concat, assay=hi

[Thu Feb 28 19:09:12 2019]
Finished job 9.
63 of 79 steps (80%) done

[Thu Feb 28 19:09:12 2019]
rule simplify_auspice_names:
    input: auspice/flu_who_h3n2_ha_12y_concat_hi_tree.json, auspice/flu_who_h3n2_ha_12y_concat_hi_meta.json, auspice/flu_who_h3n2_ha_12y_concat_hi_root-sequence.json, auspice/flu_who_h3n2_ha_12y_concat_hi_tip-frequencies.json
    output: auspice/flu_seasonal_h3n2_ha_12y_hi_tree.json, auspice/flu_seasonal_h3n2_ha_12y_hi_meta.json, auspice/flu_seasonal_h3n2_ha_12y_hi_root-sequence.json, auspice/flu_seasonal_h3n2_ha_12y_hi_tip-frequencies.json
    jobid: 3
    wildcards: lineage=h3n2, segment=ha, resolution=12y, assay=hi

Waiting at most 5 seconds for missing files.
[Thu Feb 28 19:09:13 2019]
Finished job 3.
64 of 79 steps (81%) done

[Thu Feb 28 19:09:13 2019]
Job 61: Reconstructing translations required for titer models and frequencies

[Thu Feb 28 19:09:16 2019]
Finished job 61.
65 of 79 steps (82%) done

[Thu Feb 28 19:09:16 2019]
Job 60: Reconstructing translations required for titer models and frequencies

[Thu Feb 28 19:09:19 2019]
Finished job 60.
66 of 79 steps (84%) done

[Thu Feb 28 19:09:19 2019]
Job 62: Reconstructing translations required for titer models and frequencies

[Thu Feb 28 19:09:22 2019]
Finished job 62.
67 of 79 steps (85%) done

[Thu Feb 28 19:09:22 2019]
rule titers_sub:
    input: data/who_h3n2_concat_fra_titers.tsv, results/aa-muts_who_h3n2_ha_6y_concat_fra.json, results/aa-seq_who_h3n2_ha_6y_concat_fra_SigPep.fasta, results/aa-seq_who_h3n2_ha_6y_concat_fra_HA1.fasta, results/aa-seq_who_h3n2_ha_6y_concat_fra_HA2.fasta, results/tree_who_h3n2_ha_6y_concat_fra.nwk
    output: results/titers-sub-model_who_h3n2_ha_6y_concat_fra.json
    jobid: 27
    wildcards: center=who, lineage=h3n2, segment=ha, resolution=6y, passage=concat, assay=fra

[Thu Feb 28 19:09:32 2019]
Finished job 27.
68 of 79 steps (86%) done

[Thu Feb 28 19:09:32 2019]
rule distances:
    input: results/tree_who_h3n2_ha_6y_concat_fra.nwk, results/aa-seq_who_h3n2_ha_6y_concat_fra_SigPep.fasta, results/aa-seq_who_h3n2_ha_6y_concat_fra_HA1.fasta, results/aa-seq_who_h3n2_ha_6y_concat_fra_HA2.fasta, config/ha_masks.tsv
    output: results/distances_who_h3n2_ha_6y_concat_fra.json
    jobid: 31
    wildcards: center=who, lineage=h3n2, segment=ha, resolution=6y, passage=concat, assay=fra

[Thu Feb 28 19:09:35 2019]
Finished job 31.
69 of 79 steps (87%) done

[Thu Feb 28 19:09:35 2019]
rule export:
    input: results/tree_who_h3n2_ha_6y_concat_fra.nwk, results/metadata_h3n2_ha.tsv, config/auspice_config_h3n2.json, results/branch-lengths_who_h3n2_ha_6y_concat_fra.json, results/nt-muts_who_h3n2_ha_6y_concat_fra.json, results/aa-muts_who_h3n2_ha_6y_concat_fra.json, results/titers-tree-model_who_h3n2_ha_6y_concat_fra.json, results/titers-sub-model_who_h3n2_ha_6y_concat_fra.json, results/clades_who_h3n2_ha_6y_concat_fra.json, results/traits_who_h3n2_ha_6y_concat_fra.json, results/lbi_who_h3n2_ha_6y_concat_fra.json, results/distances_who_h3n2_ha_6y_concat_fra.json
    output: auspice/flu_who_h3n2_ha_6y_concat_fra_tree.json, auspice/flu_who_h3n2_ha_6y_concat_fra_meta.json, auspice/flu_who_h3n2_ha_6y_concat_fra_root-sequence.json
    jobid: 7
    wildcards: center=who, lineage=h3n2, segment=ha, resolution=6y, passage=concat, assay=fra

[Thu Feb 28 19:09:56 2019]
Finished job 7.
70 of 79 steps (89%) done

[Thu Feb 28 19:09:56 2019]
rule simplify_auspice_names:
    input: auspice/flu_who_h3n2_ha_6y_concat_fra_tree.json, auspice/flu_who_h3n2_ha_6y_concat_fra_meta.json, auspice/flu_who_h3n2_ha_6y_concat_fra_root-sequence.json, auspice/flu_who_h3n2_ha_6y_concat_fra_tip-frequencies.json
    output: auspice/flu_seasonal_h3n2_ha_6y_fra_tree.json, auspice/flu_seasonal_h3n2_ha_6y_fra_meta.json, auspice/flu_seasonal_h3n2_ha_6y_fra_root-sequence.json, auspice/flu_seasonal_h3n2_ha_6y_fra_tip-frequencies.json
    jobid: 2
    wildcards: lineage=h3n2, segment=ha, resolution=6y, assay=fra

Waiting at most 5 seconds for missing files.
[Thu Feb 28 19:09:57 2019]
Finished job 2.
71 of 79 steps (90%) done

[Thu Feb 28 19:09:57 2019]
Job 54: Reconstructing translations required for titer models and frequencies

[Thu Feb 28 19:09:59 2019]
Finished job 54.
72 of 79 steps (91%) done

[Thu Feb 28 19:09:59 2019]
Job 55: Reconstructing translations required for titer models and frequencies

[Thu Feb 28 19:10:02 2019]
Finished job 55.
73 of 79 steps (92%) done

[Thu Feb 28 19:10:02 2019]
Job 56: Reconstructing translations required for titer models and frequencies

[Thu Feb 28 19:10:05 2019]
Finished job 56.
74 of 79 steps (94%) done

[Thu Feb 28 19:10:05 2019]
rule titers_sub:
    input: data/who_h3n2_concat_hi_titers.tsv, results/aa-muts_who_h3n2_ha_6y_concat_hi.json, results/aa-seq_who_h3n2_ha_6y_concat_hi_SigPep.fasta, results/aa-seq_who_h3n2_ha_6y_concat_hi_HA1.fasta, results/aa-seq_who_h3n2_ha_6y_concat_hi_HA2.fasta, results/tree_who_h3n2_ha_6y_concat_hi.nwk
    output: results/titers-sub-model_who_h3n2_ha_6y_concat_hi.json
    jobid: 18
    wildcards: center=who, lineage=h3n2, segment=ha, resolution=6y, passage=concat, assay=hi

[Thu Feb 28 19:10:22 2019]
Finished job 18.
75 of 79 steps (95%) done

[Thu Feb 28 19:10:22 2019]
rule distances:
    input: results/tree_who_h3n2_ha_6y_concat_hi.nwk, results/aa-seq_who_h3n2_ha_6y_concat_hi_SigPep.fasta, results/aa-seq_who_h3n2_ha_6y_concat_hi_HA1.fasta, results/aa-seq_who_h3n2_ha_6y_concat_hi_HA2.fasta, config/ha_masks.tsv
    output: results/distances_who_h3n2_ha_6y_concat_hi.json
    jobid: 22
    wildcards: center=who, lineage=h3n2, segment=ha, resolution=6y, passage=concat, assay=hi

[Thu Feb 28 19:10:25 2019]
Finished job 22.
76 of 79 steps (96%) done

[Thu Feb 28 19:10:25 2019]
rule export:
    input: results/tree_who_h3n2_ha_6y_concat_hi.nwk, results/metadata_h3n2_ha.tsv, config/auspice_config_h3n2.json, results/branch-lengths_who_h3n2_ha_6y_concat_hi.json, results/nt-muts_who_h3n2_ha_6y_concat_hi.json, results/aa-muts_who_h3n2_ha_6y_concat_hi.json, results/titers-tree-model_who_h3n2_ha_6y_concat_hi.json, results/titers-sub-model_who_h3n2_ha_6y_concat_hi.json, results/clades_who_h3n2_ha_6y_concat_hi.json, results/traits_who_h3n2_ha_6y_concat_hi.json, results/lbi_who_h3n2_ha_6y_concat_hi.json, results/distances_who_h3n2_ha_6y_concat_hi.json
    output: auspice/flu_who_h3n2_ha_6y_concat_hi_tree.json, auspice/flu_who_h3n2_ha_6y_concat_hi_meta.json, auspice/flu_who_h3n2_ha_6y_concat_hi_root-sequence.json
    jobid: 5
    wildcards: center=who, lineage=h3n2, segment=ha, resolution=6y, passage=concat, assay=hi

[Thu Feb 28 19:10:45 2019]
Finished job 5.
77 of 79 steps (97%) done

[Thu Feb 28 19:10:45 2019]
rule simplify_auspice_names:
    input: auspice/flu_who_h3n2_ha_6y_concat_hi_tree.json, auspice/flu_who_h3n2_ha_6y_concat_hi_meta.json, auspice/flu_who_h3n2_ha_6y_concat_hi_root-sequence.json, auspice/flu_who_h3n2_ha_6y_concat_hi_tip-frequencies.json
    output: auspice/flu_seasonal_h3n2_ha_6y_hi_tree.json, auspice/flu_seasonal_h3n2_ha_6y_hi_meta.json, auspice/flu_seasonal_h3n2_ha_6y_hi_root-sequence.json, auspice/flu_seasonal_h3n2_ha_6y_hi_tip-frequencies.json
    jobid: 1
    wildcards: lineage=h3n2, segment=ha, resolution=6y, assay=hi

Waiting at most 5 seconds for missing files.
[Thu Feb 28 19:10:46 2019]
Finished job 1.
78 of 79 steps (99%) done

[Thu Feb 28 19:10:46 2019]
localrule all_live:
    input: auspice/flu_seasonal_h3n2_ha_6y_hi_tree.json, auspice/flu_seasonal_h3n2_ha_6y_fra_tree.json, auspice/flu_seasonal_h3n2_ha_12y_hi_tree.json, auspice/flu_seasonal_h3n2_ha_12y_fra_tree.json, auspice/flu_seasonal_h3n2_ha_6y_hi_meta.json, auspice/flu_seasonal_h3n2_ha_6y_fra_meta.json, auspice/flu_seasonal_h3n2_ha_12y_hi_meta.json, auspice/flu_seasonal_h3n2_ha_12y_fra_meta.json, auspice/flu_seasonal_h3n2_ha_6y_hi_tip-frequencies.json, auspice/flu_seasonal_h3n2_ha_6y_fra_tip-frequencies.json, auspice/flu_seasonal_h3n2_ha_12y_hi_tip-frequencies.json, auspice/flu_seasonal_h3n2_ha_12y_fra_tip-frequencies.json
    jobid: 0

[Thu Feb 28 19:10:46 2019]
Finished job 0.
79 of 79 steps (100%) done
Complete log: /Users/katekistler/nextstrain/egg-passage/.snakemake/log/2019-02-28T115818.221916.snakemake.log
