Building DAG of jobs...
Using shell: /anaconda2/envs/py3/bin/bash
Provided cores: 1
Rules claiming more threads will be scaled down.
Job counts:
	count	jobs
	2	align
	1	all_live
	2	ancestral
	2	clades
	2	distances
	2	export
	2	extract
	2	lbi
	6	reconstruct_translations
	2	refine
	2	simplify_auspice_names
	2	tip_frequencies
	2	titers_sub
	2	titers_tree
	2	traits
	2	translate
	2	tree
	37

[Wed Feb 27 21:09:45 2019]
rule extract:
    input: results/filtered_h3n2_ha_cell.fasta, results/strains_cdc_h3n2_12y_cell_hi.txt
    output: results/extracted_cdc_h3n2_ha_12y_cell_hi.fasta
    jobid: 39
    wildcards: center=cdc, lineage=h3n2, segment=ha, resolution=12y, passage=cell, assay=hi

[Wed Feb 27 21:09:46 2019]
Finished job 39.
1 of 37 steps (3%) done

[Wed Feb 27 21:09:46 2019]
rule extract:
    input: results/filtered_h3n2_ha_cell.fasta, results/strains_cdc_h3n2_6y_cell_hi.txt
    output: results/extracted_cdc_h3n2_ha_6y_cell_hi.fasta
    jobid: 38
    wildcards: center=cdc, lineage=h3n2, segment=ha, resolution=6y, passage=cell, assay=hi

[Wed Feb 27 21:09:48 2019]
Finished job 38.
2 of 37 steps (5%) done

[Wed Feb 27 21:09:48 2019]
Job 34: 
        Aligning sequences to config/reference_h3n2_ha.gb
        

[Wed Feb 27 21:12:15 2019]
Finished job 34.
3 of 37 steps (8%) done

[Wed Feb 27 21:12:15 2019]
Job 33: Building tree

[Wed Feb 27 21:12:18 2019]
Error in rule tree:
    jobid: 33
    output: results/tree-raw_cdc_h3n2_ha_12y_cell_hi.nwk

RuleException:
CalledProcessError in line 385 of /Users/katekistler/nextstrain/egg-passage/Snakefile:
Command 'set -euo pipefail;  augur tree             --alignment results/aligned_cdc_h3n2_ha_12y_cell_hi.fasta             --output results/tree-raw_cdc_h3n2_ha_12y_cell_hi.nwk             --nthreads 1             --exclude-sites config/exclude-sites_h3n2.txt' returned non-zero exit status 1.
  File "/Users/katekistler/nextstrain/egg-passage/Snakefile", line 385, in __rule_tree
  File "/anaconda2/envs/py3/lib/python3.6/concurrent/futures/thread.py", line 56, in run
Shutting down, this might take some time.
Exiting because a job execution failed. Look above for error message
Complete log: /Users/katekistler/nextstrain/egg-passage/.snakemake/log/2019-02-27T210943.100001.snakemake.log
